

-------------------------------------------------------

 Environment: AntBulletEnv-v0

-------------------------------------------------------




-----------------------------------------------------------------------------------------------------
 Agent Model Exists, loading: subrepos/rl-trained-agents/sac/AntBulletEnv-v0_1/AntBulletEnv-v0.zip
-----------------------------------------------------------------------------------------------------


pybullet build time: Oct 11 2021 20:52:37
Wrapping the env with a `Monitor` wrapper
Wrapping the env in a DummyVecEnv.


-----------------------------------------------------------------------------------------------------
 Training Coach Model from scrach
-----------------------------------------------------------------------------------------------------


coach settings = {
    "force_retrain": False, 
    "learning_rate": 0.0001, 
    "hidden_sizes": [64, 64, 64, 64, ], 
    "loss_function": "consistent_coach_loss", 
    "consistent_coach_loss": {"scale_future_state_loss": 1, }, 
    "delayed_coach_loss": {"epochs_of_delay": 50, }, 
    "value_plus_state_loss": {"value_proportion": 0.5, }, 
    "number_of_episodes": 100, 
    "number_of_epochs": 100, 
    "train_test_split": 0.7, 
    "batch_size": 128, 
    "with_card": True, 
}
Starting Experience Recording
    Episode: 0, Reward: 3130.060, Average Reward: 3130.060
    Episode: 1, Reward: 3140.153, Average Reward: 3135.107
    Episode: 2, Reward: 3081.290, Average Reward: 3117.168
    Episode: 3, Reward: 3122.319, Average Reward: 3118.455
    Episode: 4, Reward: 3096.068, Average Reward: 3113.978
    Episode: 5, Reward: 3106.851, Average Reward: 3112.790
    Episode: 6, Reward: 3089.491, Average Reward: 3109.462
    Episode: 7, Reward: 3064.530, Average Reward: 3103.845
    Episode: 8, Reward: 3110.220, Average Reward: 3104.553
    Episode: 9, Reward: 3071.199, Average Reward: 3101.218
    Episode: 10, Reward: 3120.422, Average Reward: 3102.964
    Episode: 11, Reward: 3068.383, Average Reward: 3100.082
    Episode: 12, Reward: 3077.119, Average Reward: 3098.316
    Episode: 13, Reward: 3066.254, Average Reward: 3096.026
    Episode: 14, Reward: 3127.376, Average Reward: 3098.116
    Episode: 15, Reward: 3085.132, Average Reward: 3097.304
    Episode: 16, Reward: 3086.960, Average Reward: 3096.696
    Episode: 17, Reward: 3093.901, Average Reward: 3096.541
    Episode: 18, Reward: 3118.582, Average Reward: 3097.701
    Episode: 19, Reward: 3108.869, Average Reward: 3098.259
    Episode: 20, Reward: 3111.845, Average Reward: 3098.906
    Episode: 21, Reward: 3080.372, Average Reward: 3098.063
    Episode: 22, Reward: 3112.848, Average Reward: 3098.706
    Episode: 23, Reward: 3034.765, Average Reward: 3096.042
    Episode: 24, Reward: 3099.518, Average Reward: 3096.181
    Episode: 25, Reward: 3107.889, Average Reward: 3096.631
    Episode: 26, Reward: 3097.930, Average Reward: 3096.679
    Episode: 27, Reward: 3114.993, Average Reward: 3097.334
    Episode: 28, Reward: 3103.007, Average Reward: 3097.529
    Episode: 29, Reward: 3143.358, Average Reward: 3099.057
    Episode: 30, Reward: 3096.582, Average Reward: 3098.977
    Episode: 31, Reward: 3089.067, Average Reward: 3098.667
    Episode: 32, Reward: 3156.934, Average Reward: 3100.433
    Episode: 33, Reward: 3117.043, Average Reward: 3100.921
    Episode: 34, Reward: 3105.522, Average Reward: 3101.053
    Episode: 35, Reward: 3099.904, Average Reward: 3101.021
    Episode: 36, Reward: 3119.961, Average Reward: 3101.533
    Episode: 37, Reward: 3094.917, Average Reward: 3101.359
    Episode: 38, Reward: 3024.084, Average Reward: 3099.377
    Episode: 39, Reward: 3075.614, Average Reward: 3098.783
    Episode: 40, Reward: 3094.546, Average Reward: 3098.680
    Episode: 41, Reward: 3072.581, Average Reward: 3098.059
    Episode: 42, Reward: 3087.462, Average Reward: 3097.812
    Episode: 43, Reward: 3084.534, Average Reward: 3097.510
    Episode: 44, Reward: 3149.197, Average Reward: 3098.659
    Episode: 45, Reward: 3085.726, Average Reward: 3098.378
    Episode: 46, Reward: 3089.905, Average Reward: 3098.198
    Episode: 47, Reward: 3058.672, Average Reward: 3097.374
    Episode: 48, Reward: 3023.735, Average Reward: 3095.871
    Episode: 49, Reward: 3095.113, Average Reward: 3095.856
    Episode: 50, Reward: 3063.512, Average Reward: 3095.222
    Episode: 51, Reward: 3101.903, Average Reward: 3095.350
    Episode: 52, Reward: 3147.798, Average Reward: 3096.340
    Episode: 53, Reward: 3093.904, Average Reward: 3096.295
    Episode: 54, Reward: 3084.475, Average Reward: 3096.080
    Episode: 55, Reward: 3090.286, Average Reward: 3095.976
    Episode: 56, Reward: 3055.336, Average Reward: 3095.263
    Episode: 57, Reward: 2484.853, Average Reward: 3084.739
    Episode: 58, Reward: 3119.369, Average Reward: 3085.326
    Episode: 59, Reward: 3131.465, Average Reward: 3086.095
    Episode: 60, Reward: 3090.096, Average Reward: 3086.161
    Episode: 61, Reward: 3143.611, Average Reward: 3087.087
    Episode: 62, Reward: 3075.673, Average Reward: 3086.906
    Episode: 63, Reward: 3146.344, Average Reward: 3087.835
    Episode: 64, Reward: 3037.216, Average Reward: 3087.056
    Episode: 65, Reward: 3099.015, Average Reward: 3087.237
    Episode: 66, Reward: 3096.752, Average Reward: 3087.379
    Episode: 67, Reward: 3115.699, Average Reward: 3087.796
    Episode: 68, Reward: 3049.826, Average Reward: 3087.245
    Episode: 69, Reward: 3091.029, Average Reward: 3087.299
    Episode: 70, Reward: 3094.778, Average Reward: 3087.405
    Episode: 71, Reward: 3058.960, Average Reward: 3087.010
    Episode: 72, Reward: 3066.244, Average Reward: 3086.725
    Episode: 73, Reward: 3125.327, Average Reward: 3087.247
    Episode: 74, Reward: 3143.201, Average Reward: 3087.993
    Episode: 75, Reward: 3079.229, Average Reward: 3087.878
    Episode: 76, Reward: 3097.785, Average Reward: 3088.006
    Episode: 77, Reward: 3103.829, Average Reward: 3088.209
    Episode: 78, Reward: 3094.853, Average Reward: 3088.293
    Episode: 79, Reward: 3123.581, Average Reward: 3088.734
    Episode: 80, Reward: 3006.704, Average Reward: 3087.722
    Episode: 81, Reward: 3136.744, Average Reward: 3088.319
    Episode: 82, Reward: 3111.293, Average Reward: 3088.596
    Episode: 83, Reward: 3110.596, Average Reward: 3088.858
    Episode: 84, Reward: 3126.058, Average Reward: 3089.296
    Episode: 85, Reward: 3073.783, Average Reward: 3089.115
    Episode: 86, Reward: 3122.794, Average Reward: 3089.503
    Episode: 87, Reward: 3101.977, Average Reward: 3089.644
    Episode: 88, Reward: 3054.929, Average Reward: 3089.254
    Episode: 89, Reward: 3150.148, Average Reward: 3089.931
    Episode: 90, Reward: 3058.729, Average Reward: 3089.588
    Episode: 91, Reward: 3102.714, Average Reward: 3089.731
    Episode: 92, Reward: 3067.965, Average Reward: 3089.497
    Episode: 93, Reward: 3140.431, Average Reward: 3090.038
    Episode: 94, Reward: 3142.471, Average Reward: 3090.590
    Episode: 95, Reward: 3124.905, Average Reward: 3090.948
    Episode: 96, Reward: 3141.539, Average Reward: 3091.469
    Episode: 97, Reward: 2979.483, Average Reward: 3090.327
    Episode: 98, Reward: 3049.045, Average Reward: 3089.910
    Episode: 99, Reward: 3111.097, Average Reward: 3090.122

    Max Episode Reward: 3156.934354952622
    Min Episode Reward: 2484.853016405225
    Max Timestep Reward: 3.8707408563469907
    Min Timestep Reward: -0.3478435300214058
Starting Train/Test
    Epoch: 0
    Epoch: 1
    Epoch: 2
    Epoch: 3
    Epoch: 4
