

-------------------------------------------------------

 Environment: AntBulletEnv-v0

-------------------------------------------------------




-----------------------------------------------------------------------------------------------------
 Agent Model Exists, loading: subrepos/rl-trained-agents/sac/AntBulletEnv-v0_1/AntBulletEnv-v0.zip
-----------------------------------------------------------------------------------------------------


pybullet build time: Oct 11 2021 20:52:37
Wrapping the env with a `Monitor` wrapper
Wrapping the env in a DummyVecEnv.


-----------------------------------------------------------------------------------------------------
 Training Coach Model from scrach
-----------------------------------------------------------------------------------------------------


coach settings = {
    "force_retrain": False, 
    "learning_rate": 0.0001, 
    "hidden_sizes": [64, 64, 64, 64, ], 
    "loss_function": "value_plus_state_loss", 
    "consistent_coach_loss": {"scale_future_state_loss": 1, }, 
    "delayed_coach_loss": {"epochs_of_delay": 50, }, 
    "value_plus_state_loss": {"value_proportion": 0, }, 
    "number_of_episodes": 100, 
    "number_of_epochs": 120, 
    "train_test_split": 0.7, 
    "batch_size": 128, 
    "with_card": True, 
}
Starting Experience Recording
    Episode: 0, Reward: 3111.753, Average Reward: 3111.753
    Episode: 1, Reward: 3121.775, Average Reward: 3116.764
    Episode: 2, Reward: 3060.198, Average Reward: 3097.908
    Episode: 3, Reward: 3051.497, Average Reward: 3086.306
    Episode: 4, Reward: 3117.989, Average Reward: 3092.642
    Episode: 5, Reward: 3090.102, Average Reward: 3092.219
    Episode: 6, Reward: 3055.803, Average Reward: 3087.017
    Episode: 7, Reward: 3073.220, Average Reward: 3085.292
    Episode: 8, Reward: 2056.472, Average Reward: 2970.979
    Episode: 9, Reward: 3097.983, Average Reward: 2983.679
    Episode: 10, Reward: 3110.198, Average Reward: 2995.181
    Episode: 11, Reward: 3094.941, Average Reward: 3003.494
    Episode: 12, Reward: 3083.174, Average Reward: 3009.623
    Episode: 13, Reward: 3077.352, Average Reward: 3014.461
    Episode: 14, Reward: 3105.264, Average Reward: 3020.515
    Episode: 15, Reward: 3115.895, Average Reward: 3026.476
    Episode: 16, Reward: 2935.388, Average Reward: 3021.118
    Episode: 17, Reward: 3058.708, Average Reward: 3023.206
    Episode: 18, Reward: 3071.069, Average Reward: 3025.725
    Episode: 19, Reward: 3144.211, Average Reward: 3031.649
    Episode: 20, Reward: 3008.358, Average Reward: 3030.540
    Episode: 21, Reward: 3137.285, Average Reward: 3035.392
    Episode: 22, Reward: 3096.567, Average Reward: 3038.052
    Episode: 23, Reward: 3052.016, Average Reward: 3038.634
    Episode: 24, Reward: 3108.328, Average Reward: 3041.422
    Episode: 25, Reward: 3082.257, Average Reward: 3042.992
    Episode: 26, Reward: 3085.101, Average Reward: 3044.552
    Episode: 27, Reward: 3047.606, Average Reward: 3044.661
    Episode: 28, Reward: 3061.991, Average Reward: 3045.259
    Episode: 29, Reward: 3088.286, Average Reward: 3046.693
    Episode: 30, Reward: 3140.991, Average Reward: 3049.735
    Episode: 31, Reward: 3057.045, Average Reward: 3049.963
    Episode: 32, Reward: 3083.557, Average Reward: 3050.981
    Episode: 33, Reward: 3081.806, Average Reward: 3051.888
    Episode: 34, Reward: 3072.925, Average Reward: 3052.489
    Episode: 35, Reward: 3133.549, Average Reward: 3054.740
    Episode: 36, Reward: 3086.551, Average Reward: 3055.600
    Episode: 37, Reward: 3096.044, Average Reward: 3056.665
    Episode: 38, Reward: 3129.126, Average Reward: 3058.523
    Episode: 39, Reward: 3093.104, Average Reward: 3059.387
    Episode: 40, Reward: 3086.245, Average Reward: 3060.042
    Episode: 41, Reward: 3098.453, Average Reward: 3060.957
    Episode: 42, Reward: 3088.373, Average Reward: 3061.594
    Episode: 43, Reward: 3053.255, Average Reward: 3061.405
    Episode: 44, Reward: 3134.903, Average Reward: 3063.038
    Episode: 45, Reward: 3032.401, Average Reward: 3062.372
    Episode: 46, Reward: 3100.864, Average Reward: 3063.191
    Episode: 47, Reward: 3088.087, Average Reward: 3063.710
    Episode: 48, Reward: 3116.207, Average Reward: 3064.781
    Episode: 49, Reward: 3142.027, Average Reward: 3066.326
    Episode: 50, Reward: 3121.219, Average Reward: 3067.402
    Episode: 51, Reward: 3095.999, Average Reward: 3067.952
    Episode: 52, Reward: 3088.236, Average Reward: 3068.335
    Episode: 53, Reward: 3092.221, Average Reward: 3068.777
    Episode: 54, Reward: 3109.996, Average Reward: 3069.527
    Episode: 55, Reward: 3135.592, Average Reward: 3070.706
    Episode: 56, Reward: 3082.555, Average Reward: 3070.914
    Episode: 57, Reward: 3123.330, Average Reward: 3071.818
    Episode: 58, Reward: 3131.421, Average Reward: 3072.828
    Episode: 59, Reward: 3117.188, Average Reward: 3073.568
    Episode: 60, Reward: 3129.364, Average Reward: 3074.482
    Episode: 61, Reward: 3109.797, Average Reward: 3075.052
    Episode: 62, Reward: 3145.954, Average Reward: 3076.177
    Episode: 63, Reward: 3069.957, Average Reward: 3076.080
    Episode: 64, Reward: 3047.339, Average Reward: 3075.638
    Episode: 65, Reward: 3110.711, Average Reward: 3076.169
    Episode: 66, Reward: 3118.793, Average Reward: 3076.806
    Episode: 67, Reward: 3082.654, Average Reward: 3076.892
    Episode: 68, Reward: 3098.877, Average Reward: 3077.210
    Episode: 69, Reward: 3123.086, Average Reward: 3077.866
    Episode: 70, Reward: 3051.952, Average Reward: 3077.501
    Episode: 71, Reward: 3104.685, Average Reward: 3077.878
    Episode: 72, Reward: 3099.577, Average Reward: 3078.175
    Episode: 73, Reward: 3095.490, Average Reward: 3078.409
    Episode: 74, Reward: 3115.719, Average Reward: 3078.907
    Episode: 75, Reward: 3049.935, Average Reward: 3078.526
    Episode: 76, Reward: 3078.724, Average Reward: 3078.528
    Episode: 77, Reward: 3070.825, Average Reward: 3078.429
    Episode: 78, Reward: 3086.952, Average Reward: 3078.537
    Episode: 79, Reward: 3106.499, Average Reward: 3078.887
    Episode: 80, Reward: 3090.601, Average Reward: 3079.031
    Episode: 81, Reward: 3079.015, Average Reward: 3079.031
    Episode: 82, Reward: 3054.534, Average Reward: 3078.736
    Episode: 83, Reward: 3080.860, Average Reward: 3078.761
    Episode: 84, Reward: 1232.375, Average Reward: 3057.039
    Episode: 85, Reward: 3090.131, Average Reward: 3057.424
    Episode: 86, Reward: 3128.170, Average Reward: 3058.237
    Episode: 87, Reward: 3089.740, Average Reward: 3058.595
    Episode: 88, Reward: 3103.380, Average Reward: 3059.098
    Episode: 89, Reward: 3062.337, Average Reward: 3059.134
    Episode: 90, Reward: 3142.871, Average Reward: 3060.054
    Episode: 91, Reward: 3099.636, Average Reward: 3060.485
    Episode: 92, Reward: 3081.305, Average Reward: 3060.709
    Episode: 93, Reward: 3125.592, Average Reward: 3061.399
    Episode: 94, Reward: 3103.642, Average Reward: 3061.844
    Episode: 95, Reward: 3117.220, Average Reward: 3062.420
    Episode: 96, Reward: 3061.705, Average Reward: 3062.413
    Episode: 97, Reward: 3115.613, Average Reward: 3062.956
    Episode: 98, Reward: 3088.001, Average Reward: 3063.209
    Episode: 99, Reward: 3088.186, Average Reward: 3063.459

    Max Episode Reward: 3145.9544052301485
    Min Episode Reward: 1232.3745885954738
    Max Timestep Reward: 3.8281642062110746
    Min Timestep Reward: -0.5962148739490191
Starting Train/Test
    Epoch: 0
    Epoch: 1
    Epoch: 2
    Epoch: 3
    Epoch: 4
    Epoch: 5
