

-------------------------------------------------------

 Environment: AntBulletEnv-v0

-------------------------------------------------------




-----------------------------------------------------------------------------------------------------
 Agent Model Exists, loading: subrepos/rl-trained-agents/sac/AntBulletEnv-v0_1/AntBulletEnv-v0.zip
-----------------------------------------------------------------------------------------------------


pybullet build time: Oct 11 2021 20:52:37
Wrapping the env with a `Monitor` wrapper
Wrapping the env in a DummyVecEnv.


-----------------------------------------------------------------------------------------------------
 Training Coach Model from scrach
-----------------------------------------------------------------------------------------------------


coach settings = {
    "force_retrain": False, 
    "learning_rate": 0.0001, 
    "hidden_sizes": [64, 64, 64, 64, ], 
    "loss_function": "value_prediction_loss", 
    "consistent_coach_loss": {"scale_future_state_loss": 1, }, 
    "delayed_coach_loss": {"epochs_of_delay": 50, }, 
    "value_plus_state_loss": {"value_proportion": 0.5, }, 
    "number_of_episodes": 100, 
    "number_of_epochs": 120, 
    "train_test_split": 0.7, 
    "batch_size": 128, 
    "with_card": True, 
}
Starting Experience Recording
    Episode: 0, Reward: 3089.191, Average Reward: 3089.191
    Episode: 1, Reward: 3140.253, Average Reward: 3114.722
    Episode: 2, Reward: 3097.531, Average Reward: 3108.992
    Episode: 3, Reward: 3098.623, Average Reward: 3106.399
    Episode: 4, Reward: 3062.642, Average Reward: 3097.648
    Episode: 5, Reward: 1680.373, Average Reward: 2861.435
    Episode: 6, Reward: 3136.521, Average Reward: 2900.733
    Episode: 7, Reward: 3097.191, Average Reward: 2925.291
    Episode: 8, Reward: 3165.556, Average Reward: 2951.987
    Episode: 9, Reward: 3135.564, Average Reward: 2970.344
    Episode: 10, Reward: 3136.490, Average Reward: 2985.449
    Episode: 11, Reward: 3108.600, Average Reward: 2995.711
    Episode: 12, Reward: 3061.256, Average Reward: 3000.753
    Episode: 13, Reward: 3136.126, Average Reward: 3010.422
    Episode: 14, Reward: 3135.502, Average Reward: 3018.761
    Episode: 15, Reward: 3069.617, Average Reward: 3021.940
    Episode: 16, Reward: 3043.463, Average Reward: 3023.206
    Episode: 17, Reward: 3097.583, Average Reward: 3027.338
    Episode: 18, Reward: 3114.284, Average Reward: 3031.914
    Episode: 19, Reward: 3111.918, Average Reward: 3035.914
    Episode: 20, Reward: 3069.148, Average Reward: 3037.497
    Episode: 21, Reward: 3033.465, Average Reward: 3037.313
    Episode: 22, Reward: 3111.739, Average Reward: 3040.549
    Episode: 23, Reward: 3107.243, Average Reward: 3043.328
    Episode: 24, Reward: 3092.148, Average Reward: 3045.281
    Episode: 25, Reward: 3107.552, Average Reward: 3047.676
    Episode: 26, Reward: 3110.435, Average Reward: 3050.000
    Episode: 27, Reward: 2931.319, Average Reward: 3045.762
    Episode: 28, Reward: 3133.738, Average Reward: 3048.795
    Episode: 29, Reward: 3095.874, Average Reward: 3050.365
    Episode: 30, Reward: 3110.399, Average Reward: 3052.301
    Episode: 31, Reward: 3089.918, Average Reward: 3053.477
    Episode: 32, Reward: 3086.738, Average Reward: 3054.485
    Episode: 33, Reward: 3085.825, Average Reward: 3055.407
    Episode: 34, Reward: 3121.325, Average Reward: 3057.290
    Episode: 35, Reward: 3062.556, Average Reward: 3057.436
    Episode: 36, Reward: 3104.120, Average Reward: 3058.698
    Episode: 37, Reward: 3093.863, Average Reward: 3059.623
    Episode: 38, Reward: 3051.074, Average Reward: 3059.404
    Episode: 39, Reward: 3099.147, Average Reward: 3060.398
    Episode: 40, Reward: 3098.021, Average Reward: 3061.315
    Episode: 41, Reward: 3119.604, Average Reward: 3062.703
    Episode: 42, Reward: 3081.885, Average Reward: 3063.149
    Episode: 43, Reward: 3082.693, Average Reward: 3063.593
    Episode: 44, Reward: 2975.956, Average Reward: 3061.646
    Episode: 45, Reward: 3114.420, Average Reward: 3062.793
    Episode: 46, Reward: 2678.996, Average Reward: 3054.627
    Episode: 47, Reward: 3133.347, Average Reward: 3056.267
    Episode: 48, Reward: 3096.832, Average Reward: 3057.095
    Episode: 49, Reward: 3110.373, Average Reward: 3058.161
    Episode: 50, Reward: 2295.458, Average Reward: 3043.206
    Episode: 51, Reward: 3082.744, Average Reward: 3043.966
    Episode: 52, Reward: 3135.557, Average Reward: 3045.694
    Episode: 53, Reward: 3088.644, Average Reward: 3046.490
    Episode: 54, Reward: 3112.720, Average Reward: 3047.694
    Episode: 55, Reward: 3088.285, Average Reward: 3048.419
    Episode: 56, Reward: 3083.660, Average Reward: 3049.037
    Episode: 57, Reward: 3125.688, Average Reward: 3050.358
    Episode: 58, Reward: 3115.506, Average Reward: 3051.463
    Episode: 59, Reward: 3053.662, Average Reward: 3051.499
    Episode: 60, Reward: 3114.317, Average Reward: 3052.529
    Episode: 61, Reward: 3113.525, Average Reward: 3053.513
    Episode: 62, Reward: 3118.475, Average Reward: 3054.544
    Episode: 63, Reward: 3049.749, Average Reward: 3054.469
    Episode: 64, Reward: 3078.538, Average Reward: 3054.839
    Episode: 65, Reward: 3079.376, Average Reward: 3055.211
    Episode: 66, Reward: 3078.305, Average Reward: 3055.556
    Episode: 67, Reward: 3131.577, Average Reward: 3056.674
    Episode: 68, Reward: 3176.574, Average Reward: 3058.412
    Episode: 69, Reward: 3110.580, Average Reward: 3059.157
    Episode: 70, Reward: 3107.332, Average Reward: 3059.835
    Episode: 71, Reward: 3070.709, Average Reward: 3059.986
    Episode: 72, Reward: 3063.577, Average Reward: 3060.036
    Episode: 73, Reward: 3097.221, Average Reward: 3060.538
    Episode: 74, Reward: 3110.326, Average Reward: 3061.202
    Episode: 75, Reward: 3103.218, Average Reward: 3061.755
    Episode: 76, Reward: 3119.261, Average Reward: 3062.502
    Episode: 77, Reward: 3113.003, Average Reward: 3063.149
    Episode: 78, Reward: 3113.470, Average Reward: 3063.786
    Episode: 79, Reward: 2965.358, Average Reward: 3062.556
    Episode: 80, Reward: 3064.250, Average Reward: 3062.577
    Episode: 81, Reward: 3048.975, Average Reward: 3062.411
    Episode: 82, Reward: 3120.577, Average Reward: 3063.111
    Episode: 83, Reward: 3036.574, Average Reward: 3062.796
    Episode: 84, Reward: 3059.270, Average Reward: 3062.754
    Episode: 85, Reward: 3140.106, Average Reward: 3063.653
    Episode: 86, Reward: 3108.619, Average Reward: 3064.170
    Episode: 87, Reward: 3080.784, Average Reward: 3064.359
    Episode: 88, Reward: 3028.784, Average Reward: 3063.959
    Episode: 89, Reward: 3127.391, Average Reward: 3064.664
    Episode: 90, Reward: 3106.463, Average Reward: 3065.124
    Episode: 91, Reward: 3042.212, Average Reward: 3064.874
    Episode: 92, Reward: 3095.149, Average Reward: 3065.200
    Episode: 93, Reward: 3071.761, Average Reward: 3065.270
    Episode: 94, Reward: 2754.668, Average Reward: 3062.000
    Episode: 95, Reward: 3089.912, Average Reward: 3062.291
    Episode: 96, Reward: 3068.172, Average Reward: 3062.352
    Episode: 97, Reward: 2586.611, Average Reward: 3057.497
    Episode: 98, Reward: 3116.042, Average Reward: 3058.089
    Episode: 99, Reward: 3108.875, Average Reward: 3058.596

    Max Episode Reward: 3176.573503045795
    Min Episode Reward: 1680.3729960489193
    Max Timestep Reward: 3.7961806110649556
    Min Timestep Reward: -1.0227785318363385
Starting Train/Test
    Epoch: 0
    Epoch: 1
    Epoch: 2
    Epoch: 3
    Epoch: 4
    Epoch: 5
