

-------------------------------------------------------

 Environment: AntBulletEnv-v0

-------------------------------------------------------




-----------------------------------------------------------------------------------------------------
 Agent Model Exists, loading: subrepos/rl-trained-agents/sac/AntBulletEnv-v0_1/AntBulletEnv-v0.zip
-----------------------------------------------------------------------------------------------------


pybullet build time: Oct 11 2021 20:52:37
Wrapping the env with a `Monitor` wrapper
Wrapping the env in a DummyVecEnv.


-----------------------------------------------------------------------------------------------------
 Training Coach Model from scrach
-----------------------------------------------------------------------------------------------------


coach settings = {
    "force_retrain": False, 
    "learning_rate": 0.0001, 
    "hidden_sizes": [64, 64, 64, 64, ], 
    "loss_function": "value_plus_state_loss", 
    "consistent_coach_loss": {"scale_future_state_loss": 1, }, 
    "delayed_coach_loss": {"epochs_of_delay": 50, }, 
    "value_plus_state_loss": {"value_proportion": 0.01, }, 
    "number_of_episodes": 100, 
    "number_of_epochs": 120, 
    "train_test_split": 0.7, 
    "batch_size": 128, 
    "with_card": True, 
}
Starting Experience Recording
    Episode: 0, Reward: 3108.202, Average Reward: 3108.202
    Episode: 1, Reward: 3049.773, Average Reward: 3078.988
    Episode: 2, Reward: 3105.919, Average Reward: 3087.965
    Episode: 3, Reward: 3086.291, Average Reward: 3087.546
    Episode: 4, Reward: 3072.640, Average Reward: 3084.565
