

-------------------------------------------------------

 Environment: AntBulletEnv-v0

-------------------------------------------------------




-----------------------------------------------------------------------------------------------------
 Agent Model Exists, loading: subrepos/rl-trained-agents/sac/AntBulletEnv-v0_1/AntBulletEnv-v0.zip
-----------------------------------------------------------------------------------------------------


pybullet build time: Oct 11 2021 20:52:37
Wrapping the env with a `Monitor` wrapper
Wrapping the env in a DummyVecEnv.


-----------------------------------------------------------------------------------------------------
 Training Coach Model from scrach
-----------------------------------------------------------------------------------------------------


coach settings = {
    "force_retrain": False, 
    "learning_rate": 0.0001, 
    "hidden_sizes": [64, 64, 64, 64, ], 
    "loss_function": "state_triple_loss", 
    "consistent_coach_loss": {"scale_future_state_loss": 1000000, }, 
    "delayed_coach_loss": {"epochs_of_delay": 50, }, 
    "value_plus_state_loss": {"value_proportion": 0.5, }, 
    "number_of_episodes": 100, 
    "number_of_epochs": 100, 
    "train_test_split": 0.7, 
    "batch_size": 128, 
    "with_card": True, 
}
Starting Experience Recording
    Episode: 0, Reward: 3088.378, Average Reward: 3088.378
    Episode: 1, Reward: 3079.624, Average Reward: 3084.001
    Episode: 2, Reward: 3064.008, Average Reward: 3077.337
    Episode: 3, Reward: 3110.997, Average Reward: 3085.752
    Episode: 4, Reward: 3054.403, Average Reward: 3079.482
    Episode: 5, Reward: 3113.568, Average Reward: 3085.163
    Episode: 6, Reward: 3141.992, Average Reward: 3093.282
    Episode: 7, Reward: 3135.035, Average Reward: 3098.501
    Episode: 8, Reward: 3100.933, Average Reward: 3098.771
    Episode: 9, Reward: 3074.763, Average Reward: 3096.370
    Episode: 10, Reward: 3093.516, Average Reward: 3096.111
    Episode: 11, Reward: 3063.694, Average Reward: 3093.409
    Episode: 12, Reward: 3095.503, Average Reward: 3093.570
    Episode: 13, Reward: 3104.333, Average Reward: 3094.339
    Episode: 14, Reward: 3071.259, Average Reward: 3092.800
    Episode: 15, Reward: 3059.253, Average Reward: 3090.704
    Episode: 16, Reward: 3102.042, Average Reward: 3091.371
    Episode: 17, Reward: 3110.197, Average Reward: 3092.417
    Episode: 18, Reward: 3032.927, Average Reward: 3089.286
    Episode: 19, Reward: 3106.546, Average Reward: 3090.149
    Episode: 20, Reward: 3075.686, Average Reward: 3089.460
    Episode: 21, Reward: 3100.233, Average Reward: 3089.950
    Episode: 22, Reward: 3099.594, Average Reward: 3090.369
    Episode: 23, Reward: 3091.309, Average Reward: 3090.408
    Episode: 24, Reward: 3094.271, Average Reward: 3090.563
    Episode: 25, Reward: 3092.377, Average Reward: 3090.632
    Episode: 26, Reward: 3079.461, Average Reward: 3090.219
    Episode: 27, Reward: 3067.537, Average Reward: 3089.409
    Episode: 28, Reward: 3132.449, Average Reward: 3090.893
    Episode: 29, Reward: 3062.145, Average Reward: 3089.935
    Episode: 30, Reward: 3135.869, Average Reward: 3091.416
    Episode: 31, Reward: 3090.631, Average Reward: 3091.392
    Episode: 32, Reward: 3112.280, Average Reward: 3092.025
    Episode: 33, Reward: 3118.442, Average Reward: 3092.802
    Episode: 34, Reward: 3021.786, Average Reward: 3090.773
    Episode: 35, Reward: 3146.728, Average Reward: 3092.327
    Episode: 36, Reward: 3119.932, Average Reward: 3093.073
    Episode: 37, Reward: 969.392, Average Reward: 3037.187
    Episode: 38, Reward: 3066.605, Average Reward: 3037.941
    Episode: 39, Reward: 3110.283, Average Reward: 3039.750
    Episode: 40, Reward: 3127.302, Average Reward: 3041.885
    Episode: 41, Reward: 3109.748, Average Reward: 3043.501
    Episode: 42, Reward: 3145.687, Average Reward: 3045.877
    Episode: 43, Reward: 3136.202, Average Reward: 3047.930
    Episode: 44, Reward: 3104.726, Average Reward: 3049.192
    Episode: 45, Reward: 3117.191, Average Reward: 3050.670
    Episode: 46, Reward: 3112.438, Average Reward: 3051.985
    Episode: 47, Reward: 3099.328, Average Reward: 3052.971
    Episode: 48, Reward: 3096.777, Average Reward: 3053.865
    Episode: 49, Reward: 3084.913, Average Reward: 3054.486
    Episode: 50, Reward: 3102.728, Average Reward: 3055.432
    Episode: 51, Reward: 3124.225, Average Reward: 3056.755
    Episode: 52, Reward: 2988.426, Average Reward: 3055.466
    Episode: 53, Reward: 3028.011, Average Reward: 3054.957
    Episode: 54, Reward: 3103.972, Average Reward: 3055.848
    Episode: 55, Reward: 3117.172, Average Reward: 3056.943
    Episode: 56, Reward: 3124.526, Average Reward: 3058.129
    Episode: 57, Reward: 3123.409, Average Reward: 3059.255
    Episode: 58, Reward: 3090.435, Average Reward: 3059.783
    Episode: 59, Reward: 3133.258, Average Reward: 3061.008
    Episode: 60, Reward: 3132.692, Average Reward: 3062.183
    Episode: 61, Reward: 3099.313, Average Reward: 3062.782
    Episode: 62, Reward: 3137.718, Average Reward: 3063.971
    Episode: 63, Reward: 3138.153, Average Reward: 3065.130
    Episode: 64, Reward: 3084.885, Average Reward: 3065.434
    Episode: 65, Reward: 3091.415, Average Reward: 3065.828
    Episode: 66, Reward: 3124.073, Average Reward: 3066.697
    Episode: 67, Reward: 3049.179, Average Reward: 3066.440
    Episode: 68, Reward: 3151.657, Average Reward: 3067.675
    Episode: 69, Reward: 3077.147, Average Reward: 3067.810
    Episode: 70, Reward: 3095.773, Average Reward: 3068.204
    Episode: 71, Reward: 3066.171, Average Reward: 3068.175
    Episode: 72, Reward: 3107.591, Average Reward: 3068.715
    Episode: 73, Reward: 3076.238, Average Reward: 3068.817
    Episode: 74, Reward: 3101.490, Average Reward: 3069.253
    Episode: 75, Reward: 3137.973, Average Reward: 3070.157
    Episode: 76, Reward: 891.437, Average Reward: 3041.862
    Episode: 77, Reward: 3024.758, Average Reward: 3041.643
    Episode: 78, Reward: 3077.826, Average Reward: 3042.101
    Episode: 79, Reward: 3125.933, Average Reward: 3043.149
    Episode: 80, Reward: 3044.196, Average Reward: 3043.161
    Episode: 81, Reward: 3101.419, Average Reward: 3043.872
    Episode: 82, Reward: 3057.172, Average Reward: 3044.032
    Episode: 83, Reward: 3097.415, Average Reward: 3044.668
    Episode: 84, Reward: 3112.987, Average Reward: 3045.471
    Episode: 85, Reward: 3128.864, Average Reward: 3046.441
    Episode: 86, Reward: 3038.639, Average Reward: 3046.351
    Episode: 87, Reward: 3089.436, Average Reward: 3046.841
    Episode: 88, Reward: 3114.775, Average Reward: 3047.604
    Episode: 89, Reward: 3146.578, Average Reward: 3048.704
    Episode: 90, Reward: 3123.760, Average Reward: 3049.529
    Episode: 91, Reward: 3110.910, Average Reward: 3050.196
    Episode: 92, Reward: 3144.063, Average Reward: 3051.205
    Episode: 93, Reward: 3139.491, Average Reward: 3052.145
    Episode: 94, Reward: 3123.205, Average Reward: 3052.893
    Episode: 95, Reward: 3014.784, Average Reward: 3052.496
    Episode: 96, Reward: 3069.615, Average Reward: 3052.672
    Episode: 97, Reward: 3047.061, Average Reward: 3052.615
    Episode: 98, Reward: 3075.703, Average Reward: 3052.848
    Episode: 99, Reward: 3070.974, Average Reward: 3053.029

    Max Episode Reward: 3151.657211010689
    Min Episode Reward: 891.4367897111226
    Max Timestep Reward: 3.9254117415838072
    Min Timestep Reward: -1.2288606714720756
Starting Train/Test
    Epoch: 0
    Epoch: 1
    Epoch: 2
    Epoch: 3
    Epoch: 4
    Epoch: 5
