pybullet build time: Oct 11 2021 20:52:37
argv[0]=
argv[0]=


-------------------------------------------------------

 Environment: HalfCheetahBulletEnv-v0

-------------------------------------------------------




-------------------------------------------------------
 Training Agent from scratch for models.ignore/agents/HalfCheetahBulletEnv-v0/default_sac_4.zip
-------------------------------------------------------


Using cpu device
Creating environment from the given name 'HalfCheetahBulletEnv-v0'
Wrapping the env with a `Monitor` wrapper
Wrapping the env in a DummyVecEnv.
---------------------------------
| rollout/           |          |
|    ep_len_mean     | 1e+03    |
|    ep_rew_mean     | -970     |
| time/              |          |
|    episodes        | 4        |
|    fps             | 87       |
|    time_elapsed    | 45       |
|    total timesteps | 4000     |
| train/             |          |
|    actor_loss      | -21.8    |
|    critic_loss     | 1.37     |
|    ent_coef        | 0.32     |
|    ent_coef_loss   | -9.83    |
|    learning_rate   | 0.0003   |
|    n_updates       | 3899     |
---------------------------------
----------------------------------
| rollout/           |           |
|    ep_len_mean     | 1e+03     |
|    ep_rew_mean     | -1.02e+03 |
| time/              |           |
|    episodes        | 8         |
|    fps             | 86        |
|    time_elapsed    | 92        |
|    total timesteps | 8000      |
| train/             |           |
|    actor_loss      | -28       |
|    critic_loss     | 2.13      |
|    ent_coef        | 0.114     |
|    ent_coef_loss   | -9.63     |
|    learning_rate   | 0.0003    |
|    n_updates       | 7899      |
----------------------------------
---------------------------------
| rollout/           |          |
|    ep_len_mean     | 1e+03    |
|    ep_rew_mean     | -776     |
| time/              |          |
|    episodes        | 12       |
|    fps             | 86       |
|    time_elapsed    | 138      |
|    total timesteps | 12000    |
| train/             |          |
|    actor_loss      | -27.3    |
|    critic_loss     | 2.63     |
|    ent_coef        | 0.0488   |
|    ent_coef_loss   | -2.7     |
|    learning_rate   | 0.0003   |
|    n_updates       | 11899    |
---------------------------------
---------------------------------
| rollout/           |          |
|    ep_len_mean     | 1e+03    |
|    ep_rew_mean     | -725     |
| time/              |          |
|    episodes        | 16       |
|    fps             | 86       |
|    time_elapsed    | 185      |
|    total timesteps | 16000    |
| train/             |          |
|    actor_loss      | -23.9    |
|    critic_loss     | 2.35     |
|    ent_coef        | 0.0377   |
|    ent_coef_loss   | -0.622   |
|    learning_rate   | 0.0003   |
|    n_updates       | 15899    |
---------------------------------
---------------------------------
| rollout/           |          |
|    ep_len_mean     | 1e+03    |
|    ep_rew_mean     | -621     |
| time/              |          |
|    episodes        | 20       |
|    fps             | 86       |
|    time_elapsed    | 231      |
|    total timesteps | 20000    |
| train/             |          |
|    actor_loss      | -22.4    |
|    critic_loss     | 2.6      |
|    ent_coef        | 0.0365   |
|    ent_coef_loss   | -0.162   |
|    learning_rate   | 0.0003   |
|    n_updates       | 19899    |
---------------------------------
---------------------------------
| rollout/           |          |
|    ep_len_mean     | 1e+03    |
|    ep_rew_mean     | -551     |
| time/              |          |
|    episodes        | 24       |
|    fps             | 86       |
|    time_elapsed    | 278      |
|    total timesteps | 24000    |
| train/             |          |
|    actor_loss      | -20.1    |
|    critic_loss     | 1.86     |
|    ent_coef        | 0.0411   |
|    ent_coef_loss   | 0.00761  |
|    learning_rate   | 0.0003   |
|    n_updates       | 23899    |
---------------------------------
---------------------------------
| rollout/           |          |
|    ep_len_mean     | 1e+03    |
|    ep_rew_mean     | -453     |
| time/              |          |
|    episodes        | 28       |
|    fps             | 86       |
|    time_elapsed    | 324      |
|    total timesteps | 28000    |
| train/             |          |
|    actor_loss      | -22.6    |
|    critic_loss     | 1.83     |
|    ent_coef        | 0.0416   |
|    ent_coef_loss   | 0.213    |
|    learning_rate   | 0.0003   |
|    n_updates       | 27899    |
---------------------------------
---------------------------------
| rollout/           |          |
|    ep_len_mean     | 1e+03    |
|    ep_rew_mean     | -364     |
| time/              |          |
|    episodes        | 32       |
|    fps             | 86       |
|    time_elapsed    | 371      |
|    total timesteps | 32000    |
| train/             |          |
|    actor_loss      | -23.3    |
|    critic_loss     | 1.92     |
|    ent_coef        | 0.0412   |
|    ent_coef_loss   | 0.085    |
|    learning_rate   | 0.0003   |
|    n_updates       | 31899    |
---------------------------------
---------------------------------
| rollout/           |          |
|    ep_len_mean     | 1e+03    |
|    ep_rew_mean     | -264     |
| time/              |          |
|    episodes        | 36       |
|    fps             | 86       |
|    time_elapsed    | 417      |
|    total timesteps | 36000    |
| train/             |          |
|    actor_loss      | -27.1    |
|    critic_loss     | 1.32     |
|    ent_coef        | 0.0418   |
|    ent_coef_loss   | -0.983   |
|    learning_rate   | 0.0003   |
|    n_updates       | 35899    |
---------------------------------
---------------------------------
| rollout/           |          |
|    ep_len_mean     | 1e+03    |
|    ep_rew_mean     | -180     |
| time/              |          |
|    episodes        | 40       |
|    fps             | 86       |
|    time_elapsed    | 464      |
|    total timesteps | 40000    |
| train/             |          |
|    actor_loss      | -30.9    |
|    critic_loss     | 1.25     |
|    ent_coef        | 0.0402   |
|    ent_coef_loss   | 0.579    |
|    learning_rate   | 0.0003   |
|    n_updates       | 39899    |
---------------------------------
---------------------------------
| rollout/           |          |
|    ep_len_mean     | 1e+03    |
|    ep_rew_mean     | -114     |
| time/              |          |
|    episodes        | 44       |
|    fps             | 86       |
|    time_elapsed    | 511      |
|    total timesteps | 44000    |
| train/             |          |
|    actor_loss      | -34.1    |
|    critic_loss     | 1.33     |
|    ent_coef        | 0.0389   |
|    ent_coef_loss   | 1.68     |
|    learning_rate   | 0.0003   |
|    n_updates       | 43899    |
---------------------------------
---------------------------------
| rollout/           |          |
|    ep_len_mean     | 1e+03    |
|    ep_rew_mean     | -65.6    |
| time/              |          |
|    episodes        | 48       |
|    fps             | 86       |
|    time_elapsed    | 557      |
|    total timesteps | 48000    |
| train/             |          |
|    actor_loss      | -36.8    |
|    critic_loss     | 1.12     |
|    ent_coef        | 0.0366   |
|    ent_coef_loss   | -2.74    |
|    learning_rate   | 0.0003   |
|    n_updates       | 47899    |
---------------------------------
---------------------------------
| rollout/           |          |
|    ep_len_mean     | 1e+03    |
|    ep_rew_mean     | -21.8    |
| time/              |          |
|    episodes        | 52       |
|    fps             | 86       |
|    time_elapsed    | 604      |
|    total timesteps | 52000    |
| train/             |          |
|    actor_loss      | -38.6    |
|    critic_loss     | 1.37     |
|    ent_coef        | 0.0338   |
|    ent_coef_loss   | 0.672    |
|    learning_rate   | 0.0003   |
|    n_updates       | 51899    |
---------------------------------
---------------------------------
| rollout/           |          |
|    ep_len_mean     | 1e+03    |
|    ep_rew_mean     | 12.8     |
| time/              |          |
|    episodes        | 56       |
|    fps             | 86       |
|    time_elapsed    | 651      |
|    total timesteps | 56000    |
| train/             |          |
|    actor_loss      | -40.6    |
|    critic_loss     | 1.01     |
|    ent_coef        | 0.038    |
|    ent_coef_loss   | -0.235   |
|    learning_rate   | 0.0003   |
|    n_updates       | 55899    |
---------------------------------
---------------------------------
| rollout/           |          |
|    ep_len_mean     | 1e+03    |
|    ep_rew_mean     | 45.1     |
| time/              |          |
|    episodes        | 60       |
|    fps             | 85       |
|    time_elapsed    | 697      |
|    total timesteps | 60000    |
| train/             |          |
|    actor_loss      | -42.6    |
|    critic_loss     | 1.47     |
|    ent_coef        | 0.037    |
|    ent_coef_loss   | 0.145    |
|    learning_rate   | 0.0003   |
|    n_updates       | 59899    |
---------------------------------
---------------------------------
| rollout/           |          |
|    ep_len_mean     | 1e+03    |
|    ep_rew_mean     | 77.4     |
| time/              |          |
|    episodes        | 64       |
|    fps             | 85       |
|    time_elapsed    | 745      |
|    total timesteps | 64000    |
| train/             |          |
|    actor_loss      | -43.8    |
|    critic_loss     | 1.11     |
|    ent_coef        | 0.0367   |
|    ent_coef_loss   | -0.418   |
|    learning_rate   | 0.0003   |
|    n_updates       | 63899    |
---------------------------------
---------------------------------
| rollout/           |          |
|    ep_len_mean     | 1e+03    |
|    ep_rew_mean     | 108      |
| time/              |          |
|    episodes        | 68       |
|    fps             | 85       |
|    time_elapsed    | 791      |
|    total timesteps | 68000    |
| train/             |          |
|    actor_loss      | -44.3    |
|    critic_loss     | 1.47     |
|    ent_coef        | 0.0342   |
|    ent_coef_loss   | 0.379    |
|    learning_rate   | 0.0003   |
|    n_updates       | 67899    |
---------------------------------
---------------------------------
| rollout/           |          |
|    ep_len_mean     | 1e+03    |
|    ep_rew_mean     | 140      |
| time/              |          |
|    episodes        | 72       |
|    fps             | 85       |
|    time_elapsed    | 838      |
|    total timesteps | 72000    |
| train/             |          |
|    actor_loss      | -47      |
|    critic_loss     | 1.12     |
|    ent_coef        | 0.031    |
|    ent_coef_loss   | 1.01     |
|    learning_rate   | 0.0003   |
|    n_updates       | 71899    |
---------------------------------
---------------------------------
| rollout/           |          |
|    ep_len_mean     | 1e+03    |
|    ep_rew_mean     | 171      |
| time/              |          |
|    episodes        | 76       |
|    fps             | 85       |
|    time_elapsed    | 885      |
|    total timesteps | 76000    |
| train/             |          |
|    actor_loss      | -49.6    |
|    critic_loss     | 0.91     |
|    ent_coef        | 0.031    |
|    ent_coef_loss   | -0.0286  |
|    learning_rate   | 0.0003   |
|    n_updates       | 75899    |
---------------------------------
---------------------------------
| rollout/           |          |
|    ep_len_mean     | 1e+03    |
|    ep_rew_mean     | 197      |
| time/              |          |
|    episodes        | 80       |
|    fps             | 85       |
|    time_elapsed    | 931      |
|    total timesteps | 80000    |
| train/             |          |
|    actor_loss      | -51.5    |
|    critic_loss     | 0.911    |
|    ent_coef        | 0.0303   |
|    ent_coef_loss   | 1.39     |
|    learning_rate   | 0.0003   |
|    n_updates       | 79899    |
---------------------------------
---------------------------------
| rollout/           |          |
|    ep_len_mean     | 1e+03    |
|    ep_rew_mean     | 221      |
| time/              |          |
|    episodes        | 84       |
|    fps             | 85       |
|    time_elapsed    | 978      |
|    total timesteps | 84000    |
| train/             |          |
|    actor_loss      | -52.3    |
|    critic_loss     | 1.14     |
|    ent_coef        | 0.0314   |
|    ent_coef_loss   | 1.64     |
|    learning_rate   | 0.0003   |
|    n_updates       | 83899    |
---------------------------------
---------------------------------
| rollout/           |          |
|    ep_len_mean     | 1e+03    |
|    ep_rew_mean     | 246      |
| time/              |          |
|    episodes        | 88       |
|    fps             | 85       |
|    time_elapsed    | 1025     |
|    total timesteps | 88000    |
| train/             |          |
|    actor_loss      | -54.9    |
|    critic_loss     | 0.872    |
|    ent_coef        | 0.0325   |
|    ent_coef_loss   | 0.192    |
|    learning_rate   | 0.0003   |
|    n_updates       | 87899    |
---------------------------------
---------------------------------
| rollout/           |          |
|    ep_len_mean     | 1e+03    |
|    ep_rew_mean     | 268      |
| time/              |          |
|    episodes        | 92       |
|    fps             | 85       |
|    time_elapsed    | 1072     |
|    total timesteps | 92000    |
| train/             |          |
|    actor_loss      | -55.5    |
|    critic_loss     | 1.35     |
|    ent_coef        | 0.0308   |
|    ent_coef_loss   | -0.286   |
|    learning_rate   | 0.0003   |
|    n_updates       | 91899    |
---------------------------------
---------------------------------
| rollout/           |          |
|    ep_len_mean     | 1e+03    |
|    ep_rew_mean     | 287      |
| time/              |          |
|    episodes        | 96       |
|    fps             | 85       |
|    time_elapsed    | 1119     |
|    total timesteps | 96000    |
| train/             |          |
|    actor_loss      | -58      |
|    critic_loss     | 1.24     |
|    ent_coef        | 0.0302   |
|    ent_coef_loss   | 0.624    |
|    learning_rate   | 0.0003   |
|    n_updates       | 95899    |
---------------------------------
---------------------------------
| rollout/           |          |
|    ep_len_mean     | 1e+03    |
|    ep_rew_mean     | 313      |
| time/              |          |
|    episodes        | 100      |
|    fps             | 85       |
|    time_elapsed    | 1165     |
|    total timesteps | 100000   |
| train/             |          |
|    actor_loss      | -59      |
|    critic_loss     | 0.906    |
|    ent_coef        | 0.0321   |
|    ent_coef_loss   | 1.07     |
|    learning_rate   | 0.0003   |
|    n_updates       | 99899    |
---------------------------------
---------------------------------
| rollout/           |          |
|    ep_len_mean     | 1e+03    |
|    ep_rew_mean     | 393      |
| time/              |          |
|    episodes        | 104      |
|    fps             | 85       |
|    time_elapsed    | 1212     |
|    total timesteps | 104000   |
| train/             |          |
|    actor_loss      | -61.3    |
|    critic_loss     | 0.913    |
|    ent_coef        | 0.0318   |
|    ent_coef_loss   | 0.245    |
|    learning_rate   | 0.0003   |
|    n_updates       | 103899   |
---------------------------------
---------------------------------
| rollout/           |          |
|    ep_len_mean     | 1e+03    |
|    ep_rew_mean     | 475      |
| time/              |          |
|    episodes        | 108      |
|    fps             | 85       |
|    time_elapsed    | 1259     |
|    total timesteps | 108000   |
| train/             |          |
|    actor_loss      | -63.2    |
|    critic_loss     | 1.16     |
|    ent_coef        | 0.0298   |
|    ent_coef_loss   | 0.534    |
|    learning_rate   | 0.0003   |
|    n_updates       | 107899   |
---------------------------------
---------------------------------
| rollout/           |          |
|    ep_len_mean     | 1e+03    |
|    ep_rew_mean     | 521      |
| time/              |          |
|    episodes        | 112      |
|    fps             | 85       |
|    time_elapsed    | 1308     |
|    total timesteps | 112000   |
| train/             |          |
|    actor_loss      | -66.4    |
|    critic_loss     | 0.949    |
|    ent_coef        | 0.0295   |
|    ent_coef_loss   | -0.987   |
|    learning_rate   | 0.0003   |
|    n_updates       | 111899   |
---------------------------------
---------------------------------
| rollout/           |          |
|    ep_len_mean     | 1e+03    |
|    ep_rew_mean     | 578      |
| time/              |          |
|    episodes        | 116      |
|    fps             | 85       |
|    time_elapsed    | 1359     |
|    total timesteps | 116000   |
| train/             |          |
|    actor_loss      | -66.2    |
|    critic_loss     | 0.95     |
|    ent_coef        | 0.0292   |
|    ent_coef_loss   | 0.091    |
|    learning_rate   | 0.0003   |
|    n_updates       | 115899   |
---------------------------------
---------------------------------
| rollout/           |          |
|    ep_len_mean     | 1e+03    |
|    ep_rew_mean     | 632      |
| time/              |          |
|    episodes        | 120      |
|    fps             | 85       |
|    time_elapsed    | 1410     |
|    total timesteps | 120000   |
| train/             |          |
|    actor_loss      | -70.2    |
|    critic_loss     | 0.969    |
|    ent_coef        | 0.0299   |
|    ent_coef_loss   | -0.773   |
|    learning_rate   | 0.0003   |
|    n_updates       | 119899   |
---------------------------------
---------------------------------
| rollout/           |          |
|    ep_len_mean     | 1e+03    |
|    ep_rew_mean     | 689      |
| time/              |          |
|    episodes        | 124      |
|    fps             | 85       |
|    time_elapsed    | 1458     |
|    total timesteps | 124000   |
| train/             |          |
|    actor_loss      | -71.8    |
|    critic_loss     | 0.802    |
|    ent_coef        | 0.03     |
|    ent_coef_loss   | -0.418   |
|    learning_rate   | 0.0003   |
|    n_updates       | 123899   |
---------------------------------
---------------------------------
| rollout/           |          |
|    ep_len_mean     | 1e+03    |
|    ep_rew_mean     | 735      |
| time/              |          |
|    episodes        | 128      |
|    fps             | 85       |
|    time_elapsed    | 1505     |
|    total timesteps | 128000   |
| train/             |          |
|    actor_loss      | -74.3    |
|    critic_loss     | 1.01     |
|    ent_coef        | 0.0299   |
|    ent_coef_loss   | 0.365    |
|    learning_rate   | 0.0003   |
|    n_updates       | 127899   |
---------------------------------
---------------------------------
| rollout/           |          |
|    ep_len_mean     | 1e+03    |
|    ep_rew_mean     | 776      |
| time/              |          |
|    episodes        | 132      |
|    fps             | 85       |
|    time_elapsed    | 1551     |
|    total timesteps | 132000   |
| train/             |          |
|    actor_loss      | -75.2    |
|    critic_loss     | 1.17     |
|    ent_coef        | 0.03     |
|    ent_coef_loss   | 1.39     |
|    learning_rate   | 0.0003   |
|    n_updates       | 131899   |
---------------------------------
---------------------------------
| rollout/           |          |
|    ep_len_mean     | 1e+03    |
|    ep_rew_mean     | 805      |
| time/              |          |
|    episodes        | 136      |
|    fps             | 85       |
|    time_elapsed    | 1598     |
|    total timesteps | 136000   |
| train/             |          |
|    actor_loss      | -78.1    |
|    critic_loss     | 1.23     |
|    ent_coef        | 0.0316   |
|    ent_coef_loss   | -0.584   |
|    learning_rate   | 0.0003   |
|    n_updates       | 135899   |
---------------------------------
---------------------------------
| rollout/           |          |
|    ep_len_mean     | 1e+03    |
|    ep_rew_mean     | 833      |
| time/              |          |
|    episodes        | 140      |
|    fps             | 85       |
|    time_elapsed    | 1645     |
|    total timesteps | 140000   |
| train/             |          |
|    actor_loss      | -82.5    |
|    critic_loss     | 1.09     |
|    ent_coef        | 0.0313   |
|    ent_coef_loss   | -1.17    |
|    learning_rate   | 0.0003   |
|    n_updates       | 139899   |
---------------------------------
---------------------------------
| rollout/           |          |
|    ep_len_mean     | 1e+03    |
|    ep_rew_mean     | 862      |
| time/              |          |
|    episodes        | 144      |
|    fps             | 85       |
|    time_elapsed    | 1691     |
|    total timesteps | 144000   |
| train/             |          |
|    actor_loss      | -81.8    |
|    critic_loss     | 1.26     |
|    ent_coef        | 0.0316   |
|    ent_coef_loss   | -0.915   |
|    learning_rate   | 0.0003   |
|    n_updates       | 143899   |
---------------------------------
---------------------------------
| rollout/           |          |
|    ep_len_mean     | 1e+03    |
|    ep_rew_mean     | 896      |
| time/              |          |
|    episodes        | 148      |
|    fps             | 85       |
|    time_elapsed    | 1738     |
|    total timesteps | 148000   |
| train/             |          |
|    actor_loss      | -85.6    |
|    critic_loss     | 1.12     |
|    ent_coef        | 0.0293   |
|    ent_coef_loss   | -0.551   |
|    learning_rate   | 0.0003   |
|    n_updates       | 147899   |
---------------------------------
---------------------------------
| rollout/           |          |
|    ep_len_mean     | 1e+03    |
|    ep_rew_mean     | 934      |
| time/              |          |
|    episodes        | 152      |
|    fps             | 85       |
|    time_elapsed    | 1785     |
|    total timesteps | 152000   |
| train/             |          |
|    actor_loss      | -87      |
|    critic_loss     | 1.32     |
|    ent_coef        | 0.0292   |
|    ent_coef_loss   | 2.04     |
|    learning_rate   | 0.0003   |
|    n_updates       | 151899   |
---------------------------------
---------------------------------
| rollout/           |          |
|    ep_len_mean     | 1e+03    |
|    ep_rew_mean     | 973      |
| time/              |          |
|    episodes        | 156      |
|    fps             | 85       |
|    time_elapsed    | 1832     |
|    total timesteps | 156000   |
| train/             |          |
|    actor_loss      | -89      |
|    critic_loss     | 1.01     |
|    ent_coef        | 0.0303   |
|    ent_coef_loss   | -0.845   |
|    learning_rate   | 0.0003   |
|    n_updates       | 155899   |
---------------------------------
---------------------------------
| rollout/           |          |
|    ep_len_mean     | 1e+03    |
|    ep_rew_mean     | 1.01e+03 |
| time/              |          |
|    episodes        | 160      |
|    fps             | 85       |
|    time_elapsed    | 1878     |
|    total timesteps | 160000   |
| train/             |          |
|    actor_loss      | -90.3    |
|    critic_loss     | 1.16     |
|    ent_coef        | 0.0323   |
|    ent_coef_loss   | -0.0551  |
|    learning_rate   | 0.0003   |
|    n_updates       | 159899   |
---------------------------------
---------------------------------
| rollout/           |          |
|    ep_len_mean     | 1e+03    |
|    ep_rew_mean     | 1.05e+03 |
| time/              |          |
|    episodes        | 164      |
|    fps             | 85       |
|    time_elapsed    | 1925     |
|    total timesteps | 164000   |
| train/             |          |
|    actor_loss      | -92.9    |
|    critic_loss     | 1.11     |
|    ent_coef        | 0.0328   |
|    ent_coef_loss   | 0.36     |
|    learning_rate   | 0.0003   |
|    n_updates       | 163899   |
---------------------------------
---------------------------------
| rollout/           |          |
|    ep_len_mean     | 1e+03    |
|    ep_rew_mean     | 1.09e+03 |
| time/              |          |
|    episodes        | 168      |
|    fps             | 85       |
|    time_elapsed    | 1973     |
|    total timesteps | 168000   |
| train/             |          |
|    actor_loss      | -94.4    |
|    critic_loss     | 1.2      |
|    ent_coef        | 0.0328   |
|    ent_coef_loss   | 0.385    |
|    learning_rate   | 0.0003   |
|    n_updates       | 167899   |
---------------------------------
---------------------------------
| rollout/           |          |
|    ep_len_mean     | 1e+03    |
|    ep_rew_mean     | 1.12e+03 |
| time/              |          |
|    episodes        | 172      |
|    fps             | 85       |
|    time_elapsed    | 2020     |
|    total timesteps | 172000   |
| train/             |          |
|    actor_loss      | -98.3    |
|    critic_loss     | 1.08     |
|    ent_coef        | 0.0331   |
|    ent_coef_loss   | -0.208   |
|    learning_rate   | 0.0003   |
|    n_updates       | 171899   |
---------------------------------
---------------------------------
| rollout/           |          |
|    ep_len_mean     | 1e+03    |
|    ep_rew_mean     | 1.16e+03 |
| time/              |          |
|    episodes        | 176      |
|    fps             | 85       |
|    time_elapsed    | 2066     |
|    total timesteps | 176000   |
| train/             |          |
|    actor_loss      | -99.4    |
|    critic_loss     | 1.02     |
|    ent_coef        | 0.0325   |
|    ent_coef_loss   | 1.05     |
|    learning_rate   | 0.0003   |
|    n_updates       | 175899   |
---------------------------------
---------------------------------
| rollout/           |          |
|    ep_len_mean     | 1e+03    |
|    ep_rew_mean     | 1.19e+03 |
| time/              |          |
|    episodes        | 180      |
|    fps             | 85       |
|    time_elapsed    | 2113     |
|    total timesteps | 180000   |
| train/             |          |
|    actor_loss      | -101     |
|    critic_loss     | 1.98     |
|    ent_coef        | 0.0333   |
|    ent_coef_loss   | 0.0845   |
|    learning_rate   | 0.0003   |
|    n_updates       | 179899   |
---------------------------------
---------------------------------
| rollout/           |          |
|    ep_len_mean     | 1e+03    |
|    ep_rew_mean     | 1.22e+03 |
| time/              |          |
|    episodes        | 184      |
|    fps             | 85       |
|    time_elapsed    | 2160     |
|    total timesteps | 184000   |
| train/             |          |
|    actor_loss      | -103     |
|    critic_loss     | 1.56     |
|    ent_coef        | 0.0338   |
|    ent_coef_loss   | 1.41     |
|    learning_rate   | 0.0003   |
|    n_updates       | 183899   |
---------------------------------
---------------------------------
| rollout/           |          |
|    ep_len_mean     | 1e+03    |
|    ep_rew_mean     | 1.26e+03 |
| time/              |          |
|    episodes        | 188      |
|    fps             | 85       |
|    time_elapsed    | 2207     |
|    total timesteps | 188000   |
| train/             |          |
|    actor_loss      | -105     |
|    critic_loss     | 1.27     |
|    ent_coef        | 0.0326   |
|    ent_coef_loss   | 0.397    |
|    learning_rate   | 0.0003   |
|    n_updates       | 187899   |
---------------------------------
---------------------------------
| rollout/           |          |
|    ep_len_mean     | 1e+03    |
|    ep_rew_mean     | 1.29e+03 |
| time/              |          |
|    episodes        | 192      |
|    fps             | 85       |
|    time_elapsed    | 2253     |
|    total timesteps | 192000   |
| train/             |          |
|    actor_loss      | -108     |
|    critic_loss     | 1.05     |
|    ent_coef        | 0.0334   |
|    ent_coef_loss   | -0.699   |
|    learning_rate   | 0.0003   |
|    n_updates       | 191899   |
---------------------------------
---------------------------------
| rollout/           |          |
|    ep_len_mean     | 1e+03    |
|    ep_rew_mean     | 1.33e+03 |
| time/              |          |
|    episodes        | 196      |
|    fps             | 85       |
|    time_elapsed    | 2300     |
|    total timesteps | 196000   |
| train/             |          |
|    actor_loss      | -108     |
|    critic_loss     | 1.05     |
|    ent_coef        | 0.0334   |
|    ent_coef_loss   | -1.44    |
|    learning_rate   | 0.0003   |
|    n_updates       | 195899   |
---------------------------------
---------------------------------
| rollout/           |          |
|    ep_len_mean     | 1e+03    |
|    ep_rew_mean     | 1.36e+03 |
| time/              |          |
|    episodes        | 200      |
|    fps             | 85       |
|    time_elapsed    | 2346     |
|    total timesteps | 200000   |
| train/             |          |
|    actor_loss      | -113     |
|    critic_loss     | 1.11     |
|    ent_coef        | 0.0337   |
|    ent_coef_loss   | 1.4      |
|    learning_rate   | 0.0003   |
|    n_updates       | 199899   |
---------------------------------
---------------------------------
| rollout/           |          |
|    ep_len_mean     | 1e+03    |
|    ep_rew_mean     | 1.38e+03 |
| time/              |          |
|    episodes        | 204      |
|    fps             | 85       |
|    time_elapsed    | 2393     |
|    total timesteps | 204000   |
| train/             |          |
|    actor_loss      | -112     |
|    critic_loss     | 0.917    |
|    ent_coef        | 0.033    |
|    ent_coef_loss   | 0.148    |
|    learning_rate   | 0.0003   |
|    n_updates       | 203899   |
---------------------------------
---------------------------------
| rollout/           |          |
|    ep_len_mean     | 1e+03    |
|    ep_rew_mean     | 1.41e+03 |
| time/              |          |
|    episodes        | 208      |
|    fps             | 85       |
|    time_elapsed    | 2439     |
|    total timesteps | 208000   |
| train/             |          |
|    actor_loss      | -115     |
|    critic_loss     | 1.05     |
|    ent_coef        | 0.0324   |
|    ent_coef_loss   | -1.31    |
|    learning_rate   | 0.0003   |
|    n_updates       | 207899   |
---------------------------------
---------------------------------
| rollout/           |          |
|    ep_len_mean     | 1e+03    |
|    ep_rew_mean     | 1.45e+03 |
| time/              |          |
|    episodes        | 212      |
|    fps             | 85       |
|    time_elapsed    | 2486     |
|    total timesteps | 212000   |
| train/             |          |
|    actor_loss      | -117     |
|    critic_loss     | 1.1      |
|    ent_coef        | 0.0332   |
|    ent_coef_loss   | -0.317   |
|    learning_rate   | 0.0003   |
|    n_updates       | 211899   |
---------------------------------
---------------------------------
| rollout/           |          |
|    ep_len_mean     | 1e+03    |
|    ep_rew_mean     | 1.48e+03 |
| time/              |          |
|    episodes        | 216      |
|    fps             | 85       |
|    time_elapsed    | 2533     |
|    total timesteps | 216000   |
| train/             |          |
|    actor_loss      | -118     |
|    critic_loss     | 0.966    |
|    ent_coef        | 0.0329   |
|    ent_coef_loss   | 1.48     |
|    learning_rate   | 0.0003   |
|    n_updates       | 215899   |
---------------------------------
---------------------------------
| rollout/           |          |
|    ep_len_mean     | 1e+03    |
|    ep_rew_mean     | 1.5e+03  |
| time/              |          |
|    episodes        | 220      |
|    fps             | 85       |
|    time_elapsed    | 2579     |
|    total timesteps | 220000   |
| train/             |          |
|    actor_loss      | -117     |
|    critic_loss     | 1.22     |
|    ent_coef        | 0.0328   |
|    ent_coef_loss   | 0.417    |
|    learning_rate   | 0.0003   |
|    n_updates       | 219899   |
---------------------------------
---------------------------------
| rollout/           |          |
|    ep_len_mean     | 1e+03    |
|    ep_rew_mean     | 1.52e+03 |
| time/              |          |
|    episodes        | 224      |
|    fps             | 85       |
|    time_elapsed    | 2625     |
|    total timesteps | 224000   |
| train/             |          |
|    actor_loss      | -119     |
|    critic_loss     | 1.28     |
|    ent_coef        | 0.0331   |
|    ent_coef_loss   | 0.661    |
|    learning_rate   | 0.0003   |
|    n_updates       | 223899   |
---------------------------------
---------------------------------
| rollout/           |          |
|    ep_len_mean     | 1e+03    |
|    ep_rew_mean     | 1.54e+03 |
| time/              |          |
|    episodes        | 228      |
|    fps             | 85       |
|    time_elapsed    | 2672     |
|    total timesteps | 228000   |
| train/             |          |
|    actor_loss      | -119     |
|    critic_loss     | 1.13     |
|    ent_coef        | 0.0334   |
|    ent_coef_loss   | 1.08     |
|    learning_rate   | 0.0003   |
|    n_updates       | 227899   |
---------------------------------
---------------------------------
| rollout/           |          |
|    ep_len_mean     | 1e+03    |
|    ep_rew_mean     | 1.56e+03 |
| time/              |          |
|    episodes        | 232      |
|    fps             | 85       |
|    time_elapsed    | 2719     |
|    total timesteps | 232000   |
| train/             |          |
|    actor_loss      | -123     |
|    critic_loss     | 1.13     |
|    ent_coef        | 0.0343   |
|    ent_coef_loss   | -0.124   |
|    learning_rate   | 0.0003   |
|    n_updates       | 231899   |
---------------------------------
---------------------------------
| rollout/           |          |
|    ep_len_mean     | 1e+03    |
|    ep_rew_mean     | 1.58e+03 |
| time/              |          |
|    episodes        | 236      |
|    fps             | 85       |
|    time_elapsed    | 2765     |
|    total timesteps | 236000   |
| train/             |          |
|    actor_loss      | -123     |
|    critic_loss     | 2.67     |
|    ent_coef        | 0.0332   |
|    ent_coef_loss   | 0.172    |
|    learning_rate   | 0.0003   |
|    n_updates       | 235899   |
---------------------------------
---------------------------------
| rollout/           |          |
|    ep_len_mean     | 1e+03    |
|    ep_rew_mean     | 1.59e+03 |
| time/              |          |
|    episodes        | 240      |
|    fps             | 85       |
|    time_elapsed    | 2812     |
|    total timesteps | 240000   |
| train/             |          |
|    actor_loss      | -122     |
|    critic_loss     | 0.972    |
|    ent_coef        | 0.034    |
|    ent_coef_loss   | 0.802    |
|    learning_rate   | 0.0003   |
|    n_updates       | 239899   |
---------------------------------
---------------------------------
| rollout/           |          |
|    ep_len_mean     | 1e+03    |
|    ep_rew_mean     | 1.61e+03 |
| time/              |          |
|    episodes        | 244      |
|    fps             | 85       |
|    time_elapsed    | 2859     |
|    total timesteps | 244000   |
| train/             |          |
|    actor_loss      | -127     |
|    critic_loss     | 1.04     |
|    ent_coef        | 0.0343   |
|    ent_coef_loss   | 0.478    |
|    learning_rate   | 0.0003   |
|    n_updates       | 243899   |
---------------------------------
---------------------------------
| rollout/           |          |
|    ep_len_mean     | 1e+03    |
|    ep_rew_mean     | 1.63e+03 |
| time/              |          |
|    episodes        | 248      |
|    fps             | 85       |
|    time_elapsed    | 2905     |
|    total timesteps | 248000   |
| train/             |          |
|    actor_loss      | -128     |
|    critic_loss     | 1.16     |
|    ent_coef        | 0.0341   |
|    ent_coef_loss   | -0.0566  |
|    learning_rate   | 0.0003   |
|    n_updates       | 247899   |
---------------------------------
---------------------------------
| rollout/           |          |
|    ep_len_mean     | 1e+03    |
|    ep_rew_mean     | 1.64e+03 |
| time/              |          |
|    episodes        | 252      |
|    fps             | 85       |
|    time_elapsed    | 2952     |
|    total timesteps | 252000   |
| train/             |          |
|    actor_loss      | -126     |
|    critic_loss     | 1.11     |
|    ent_coef        | 0.0339   |
|    ent_coef_loss   | -0.181   |
|    learning_rate   | 0.0003   |
|    n_updates       | 251899   |
---------------------------------
---------------------------------
| rollout/           |          |
|    ep_len_mean     | 1e+03    |
|    ep_rew_mean     | 1.65e+03 |
| time/              |          |
|    episodes        | 256      |
|    fps             | 85       |
|    time_elapsed    | 2998     |
|    total timesteps | 256000   |
| train/             |          |
|    actor_loss      | -129     |
|    critic_loss     | 1.13     |
|    ent_coef        | 0.0341   |
|    ent_coef_loss   | -0.00864 |
|    learning_rate   | 0.0003   |
|    n_updates       | 255899   |
---------------------------------
---------------------------------
| rollout/           |          |
|    ep_len_mean     | 1e+03    |
|    ep_rew_mean     | 1.67e+03 |
| time/              |          |
|    episodes        | 260      |
|    fps             | 85       |
|    time_elapsed    | 3045     |
|    total timesteps | 260000   |
| train/             |          |
|    actor_loss      | -128     |
|    critic_loss     | 1.02     |
|    ent_coef        | 0.0346   |
|    ent_coef_loss   | -0.289   |
|    learning_rate   | 0.0003   |
|    n_updates       | 259899   |
---------------------------------
---------------------------------
| rollout/           |          |
|    ep_len_mean     | 1e+03    |
|    ep_rew_mean     | 1.68e+03 |
| time/              |          |
|    episodes        | 264      |
|    fps             | 85       |
|    time_elapsed    | 3091     |
|    total timesteps | 264000   |
| train/             |          |
|    actor_loss      | -129     |
|    critic_loss     | 1.55     |
|    ent_coef        | 0.0347   |
|    ent_coef_loss   | -0.737   |
|    learning_rate   | 0.0003   |
|    n_updates       | 263899   |
---------------------------------
---------------------------------
| rollout/           |          |
|    ep_len_mean     | 1e+03    |
|    ep_rew_mean     | 1.69e+03 |
| time/              |          |
|    episodes        | 268      |
|    fps             | 85       |
|    time_elapsed    | 3138     |
|    total timesteps | 268000   |
| train/             |          |
|    actor_loss      | -130     |
|    critic_loss     | 1.28     |
|    ent_coef        | 0.0347   |
|    ent_coef_loss   | -0.938   |
|    learning_rate   | 0.0003   |
|    n_updates       | 267899   |
---------------------------------
---------------------------------
| rollout/           |          |
|    ep_len_mean     | 1e+03    |
|    ep_rew_mean     | 1.7e+03  |
| time/              |          |
|    episodes        | 272      |
|    fps             | 85       |
|    time_elapsed    | 3185     |
|    total timesteps | 272000   |
| train/             |          |
|    actor_loss      | -132     |
|    critic_loss     | 1.35     |
|    ent_coef        | 0.0348   |
|    ent_coef_loss   | -0.415   |
|    learning_rate   | 0.0003   |
|    n_updates       | 271899   |
---------------------------------
---------------------------------
| rollout/           |          |
|    ep_len_mean     | 1e+03    |
|    ep_rew_mean     | 1.71e+03 |
| time/              |          |
|    episodes        | 276      |
|    fps             | 85       |
|    time_elapsed    | 3232     |
|    total timesteps | 276000   |
| train/             |          |
|    actor_loss      | -133     |
|    critic_loss     | 1.95     |
|    ent_coef        | 0.0345   |
|    ent_coef_loss   | -1.54    |
|    learning_rate   | 0.0003   |
|    n_updates       | 275899   |
---------------------------------
---------------------------------
| rollout/           |          |
|    ep_len_mean     | 1e+03    |
|    ep_rew_mean     | 1.72e+03 |
| time/              |          |
|    episodes        | 280      |
|    fps             | 85       |
|    time_elapsed    | 3279     |
|    total timesteps | 280000   |
| train/             |          |
|    actor_loss      | -132     |
|    critic_loss     | 1.48     |
|    ent_coef        | 0.0342   |
|    ent_coef_loss   | -0.151   |
|    learning_rate   | 0.0003   |
|    n_updates       | 279899   |
---------------------------------
---------------------------------
| rollout/           |          |
|    ep_len_mean     | 1e+03    |
|    ep_rew_mean     | 1.73e+03 |
| time/              |          |
|    episodes        | 284      |
|    fps             | 85       |
|    time_elapsed    | 3326     |
|    total timesteps | 284000   |
| train/             |          |
|    actor_loss      | -134     |
|    critic_loss     | 1.23     |
|    ent_coef        | 0.0342   |
|    ent_coef_loss   | -2       |
|    learning_rate   | 0.0003   |
|    n_updates       | 283899   |
---------------------------------
---------------------------------
| rollout/           |          |
|    ep_len_mean     | 1e+03    |
|    ep_rew_mean     | 1.74e+03 |
| time/              |          |
|    episodes        | 288      |
|    fps             | 85       |
|    time_elapsed    | 3372     |
|    total timesteps | 288000   |
| train/             |          |
|    actor_loss      | -136     |
|    critic_loss     | 1.36     |
|    ent_coef        | 0.0348   |
|    ent_coef_loss   | -0.264   |
|    learning_rate   | 0.0003   |
|    n_updates       | 287899   |
---------------------------------
---------------------------------
| rollout/           |          |
|    ep_len_mean     | 1e+03    |
|    ep_rew_mean     | 1.74e+03 |
| time/              |          |
|    episodes        | 292      |
|    fps             | 85       |
|    time_elapsed    | 3419     |
|    total timesteps | 292000   |
| train/             |          |
|    actor_loss      | -135     |
|    critic_loss     | 1.48     |
|    ent_coef        | 0.0339   |
|    ent_coef_loss   | -0.904   |
|    learning_rate   | 0.0003   |
|    n_updates       | 291899   |
---------------------------------
---------------------------------
| rollout/           |          |
|    ep_len_mean     | 1e+03    |
|    ep_rew_mean     | 1.75e+03 |
| time/              |          |
|    episodes        | 296      |
|    fps             | 85       |
|    time_elapsed    | 3466     |
|    total timesteps | 296000   |
| train/             |          |
|    actor_loss      | -138     |
|    critic_loss     | 1.4      |
|    ent_coef        | 0.0344   |
|    ent_coef_loss   | 0.178    |
|    learning_rate   | 0.0003   |
|    n_updates       | 295899   |
---------------------------------
---------------------------------
| rollout/           |          |
|    ep_len_mean     | 1e+03    |
|    ep_rew_mean     | 1.76e+03 |
| time/              |          |
|    episodes        | 300      |
|    fps             | 85       |
|    time_elapsed    | 3512     |
|    total timesteps | 300000   |
| train/             |          |
|    actor_loss      | -135     |
|    critic_loss     | 1.57     |
|    ent_coef        | 0.0347   |
|    ent_coef_loss   | -0.635   |
|    learning_rate   | 0.0003   |
|    n_updates       | 299899   |
---------------------------------
---------------------------------
| rollout/           |          |
|    ep_len_mean     | 1e+03    |
|    ep_rew_mean     | 1.77e+03 |
| time/              |          |
|    episodes        | 304      |
|    fps             | 85       |
|    time_elapsed    | 3559     |
|    total timesteps | 304000   |
| train/             |          |
|    actor_loss      | -138     |
|    critic_loss     | 1.32     |
|    ent_coef        | 0.0339   |
|    ent_coef_loss   | 1.13     |
|    learning_rate   | 0.0003   |
|    n_updates       | 303899   |
---------------------------------
---------------------------------
| rollout/           |          |
|    ep_len_mean     | 1e+03    |
|    ep_rew_mean     | 1.77e+03 |
| time/              |          |
|    episodes        | 308      |
|    fps             | 85       |
|    time_elapsed    | 3605     |
|    total timesteps | 308000   |
| train/             |          |
|    actor_loss      | -135     |
|    critic_loss     | 1.33     |
|    ent_coef        | 0.0335   |
|    ent_coef_loss   | -0.373   |
|    learning_rate   | 0.0003   |
|    n_updates       | 307899   |
---------------------------------
---------------------------------
| rollout/           |          |
|    ep_len_mean     | 1e+03    |
|    ep_rew_mean     | 1.78e+03 |
| time/              |          |
|    episodes        | 312      |
|    fps             | 85       |
|    time_elapsed    | 3652     |
|    total timesteps | 312000   |
| train/             |          |
|    actor_loss      | -139     |
|    critic_loss     | 1.71     |
|    ent_coef        | 0.0348   |
|    ent_coef_loss   | -0.545   |
|    learning_rate   | 0.0003   |
|    n_updates       | 311899   |
---------------------------------
---------------------------------
| rollout/           |          |
|    ep_len_mean     | 1e+03    |
|    ep_rew_mean     | 1.78e+03 |
| time/              |          |
|    episodes        | 316      |
|    fps             | 85       |
|    time_elapsed    | 3698     |
|    total timesteps | 316000   |
| train/             |          |
|    actor_loss      | -139     |
|    critic_loss     | 1.51     |
|    ent_coef        | 0.0334   |
|    ent_coef_loss   | -1.11    |
|    learning_rate   | 0.0003   |
|    n_updates       | 315899   |
---------------------------------
---------------------------------
| rollout/           |          |
|    ep_len_mean     | 1e+03    |
|    ep_rew_mean     | 1.79e+03 |
| time/              |          |
|    episodes        | 320      |
|    fps             | 85       |
|    time_elapsed    | 3745     |
|    total timesteps | 320000   |
| train/             |          |
|    actor_loss      | -139     |
|    critic_loss     | 0.988    |
|    ent_coef        | 0.0336   |
|    ent_coef_loss   | -0.914   |
|    learning_rate   | 0.0003   |
|    n_updates       | 319899   |
---------------------------------
---------------------------------
| rollout/           |          |
|    ep_len_mean     | 1e+03    |
|    ep_rew_mean     | 1.8e+03  |
| time/              |          |
|    episodes        | 324      |
|    fps             | 85       |
|    time_elapsed    | 3792     |
|    total timesteps | 324000   |
| train/             |          |
|    actor_loss      | -142     |
|    critic_loss     | 1.23     |
|    ent_coef        | 0.0333   |
|    ent_coef_loss   | -0.0592  |
|    learning_rate   | 0.0003   |
|    n_updates       | 323899   |
---------------------------------
---------------------------------
| rollout/           |          |
|    ep_len_mean     | 1e+03    |
|    ep_rew_mean     | 1.81e+03 |
| time/              |          |
|    episodes        | 328      |
|    fps             | 85       |
|    time_elapsed    | 3838     |
|    total timesteps | 328000   |
| train/             |          |
|    actor_loss      | -141     |
|    critic_loss     | 1.09     |
|    ent_coef        | 0.0335   |
|    ent_coef_loss   | -0.968   |
|    learning_rate   | 0.0003   |
|    n_updates       | 327899   |
---------------------------------
---------------------------------
| rollout/           |          |
|    ep_len_mean     | 1e+03    |
|    ep_rew_mean     | 1.81e+03 |
| time/              |          |
|    episodes        | 332      |
|    fps             | 85       |
|    time_elapsed    | 3885     |
|    total timesteps | 332000   |
| train/             |          |
|    actor_loss      | -142     |
|    critic_loss     | 1.32     |
|    ent_coef        | 0.0332   |
|    ent_coef_loss   | 0.869    |
|    learning_rate   | 0.0003   |
|    n_updates       | 331899   |
---------------------------------
---------------------------------
| rollout/           |          |
|    ep_len_mean     | 1e+03    |
|    ep_rew_mean     | 1.82e+03 |
| time/              |          |
|    episodes        | 336      |
|    fps             | 85       |
|    time_elapsed    | 3931     |
|    total timesteps | 336000   |
| train/             |          |
|    actor_loss      | -143     |
|    critic_loss     | 1.52     |
|    ent_coef        | 0.0328   |
|    ent_coef_loss   | -0.276   |
|    learning_rate   | 0.0003   |
|    n_updates       | 335899   |
---------------------------------
---------------------------------
| rollout/           |          |
|    ep_len_mean     | 1e+03    |
|    ep_rew_mean     | 1.83e+03 |
| time/              |          |
|    episodes        | 340      |
|    fps             | 85       |
|    time_elapsed    | 3978     |
|    total timesteps | 340000   |
| train/             |          |
|    actor_loss      | -146     |
|    critic_loss     | 1.47     |
|    ent_coef        | 0.0324   |
|    ent_coef_loss   | 0.234    |
|    learning_rate   | 0.0003   |
|    n_updates       | 339899   |
---------------------------------
---------------------------------
| rollout/           |          |
|    ep_len_mean     | 1e+03    |
|    ep_rew_mean     | 1.84e+03 |
| time/              |          |
|    episodes        | 344      |
|    fps             | 85       |
|    time_elapsed    | 4024     |
|    total timesteps | 344000   |
| train/             |          |
|    actor_loss      | -144     |
|    critic_loss     | 1.23     |
|    ent_coef        | 0.0327   |
|    ent_coef_loss   | 1.11     |
|    learning_rate   | 0.0003   |
|    n_updates       | 343899   |
---------------------------------
---------------------------------
| rollout/           |          |
|    ep_len_mean     | 1e+03    |
|    ep_rew_mean     | 1.85e+03 |
| time/              |          |
|    episodes        | 348      |
|    fps             | 85       |
|    time_elapsed    | 4071     |
|    total timesteps | 348000   |
| train/             |          |
|    actor_loss      | -147     |
|    critic_loss     | 1.43     |
|    ent_coef        | 0.0332   |
|    ent_coef_loss   | -1.84    |
|    learning_rate   | 0.0003   |
|    n_updates       | 347899   |
---------------------------------
---------------------------------
| rollout/           |          |
|    ep_len_mean     | 1e+03    |
|    ep_rew_mean     | 1.85e+03 |
| time/              |          |
|    episodes        | 352      |
|    fps             | 85       |
|    time_elapsed    | 4118     |
|    total timesteps | 352000   |
| train/             |          |
|    actor_loss      | -147     |
|    critic_loss     | 1.42     |
|    ent_coef        | 0.0326   |
|    ent_coef_loss   | -1.3     |
|    learning_rate   | 0.0003   |
|    n_updates       | 351899   |
---------------------------------
---------------------------------
| rollout/           |          |
|    ep_len_mean     | 1e+03    |
|    ep_rew_mean     | 1.85e+03 |
| time/              |          |
|    episodes        | 356      |
|    fps             | 85       |
|    time_elapsed    | 4165     |
|    total timesteps | 356000   |
| train/             |          |
|    actor_loss      | -148     |
|    critic_loss     | 1.16     |
|    ent_coef        | 0.0326   |
|    ent_coef_loss   | 0.0636   |
|    learning_rate   | 0.0003   |
|    n_updates       | 355899   |
---------------------------------
---------------------------------
| rollout/           |          |
|    ep_len_mean     | 1e+03    |
|    ep_rew_mean     | 1.86e+03 |
| time/              |          |
|    episodes        | 360      |
|    fps             | 85       |
|    time_elapsed    | 4211     |
|    total timesteps | 360000   |
| train/             |          |
|    actor_loss      | -150     |
|    critic_loss     | 1.69     |
|    ent_coef        | 0.0328   |
|    ent_coef_loss   | 1.22     |
|    learning_rate   | 0.0003   |
|    n_updates       | 359899   |
---------------------------------
---------------------------------
| rollout/           |          |
|    ep_len_mean     | 1e+03    |
|    ep_rew_mean     | 1.87e+03 |
| time/              |          |
|    episodes        | 364      |
|    fps             | 85       |
|    time_elapsed    | 4258     |
|    total timesteps | 364000   |
| train/             |          |
|    actor_loss      | -149     |
|    critic_loss     | 1.7      |
|    ent_coef        | 0.0325   |
|    ent_coef_loss   | 1.87     |
|    learning_rate   | 0.0003   |
|    n_updates       | 363899   |
---------------------------------
---------------------------------
| rollout/           |          |
|    ep_len_mean     | 1e+03    |
|    ep_rew_mean     | 1.87e+03 |
| time/              |          |
|    episodes        | 368      |
|    fps             | 85       |
|    time_elapsed    | 4305     |
|    total timesteps | 368000   |
| train/             |          |
|    actor_loss      | -149     |
|    critic_loss     | 1.36     |
|    ent_coef        | 0.0322   |
|    ent_coef_loss   | 0.658    |
|    learning_rate   | 0.0003   |
|    n_updates       | 367899   |
---------------------------------
---------------------------------
| rollout/           |          |
|    ep_len_mean     | 1e+03    |
|    ep_rew_mean     | 1.88e+03 |
| time/              |          |
|    episodes        | 372      |
|    fps             | 85       |
|    time_elapsed    | 4352     |
|    total timesteps | 372000   |
| train/             |          |
|    actor_loss      | -147     |
|    critic_loss     | 1.4      |
|    ent_coef        | 0.032    |
|    ent_coef_loss   | 0.519    |
|    learning_rate   | 0.0003   |
|    n_updates       | 371899   |
---------------------------------
---------------------------------
| rollout/           |          |
|    ep_len_mean     | 1e+03    |
|    ep_rew_mean     | 1.89e+03 |
| time/              |          |
|    episodes        | 376      |
|    fps             | 85       |
|    time_elapsed    | 4399     |
|    total timesteps | 376000   |
| train/             |          |
|    actor_loss      | -150     |
|    critic_loss     | 1.54     |
|    ent_coef        | 0.0318   |
|    ent_coef_loss   | -0.157   |
|    learning_rate   | 0.0003   |
|    n_updates       | 375899   |
---------------------------------
---------------------------------
| rollout/           |          |
|    ep_len_mean     | 1e+03    |
|    ep_rew_mean     | 1.9e+03  |
| time/              |          |
|    episodes        | 380      |
|    fps             | 85       |
|    time_elapsed    | 4446     |
|    total timesteps | 380000   |
| train/             |          |
|    actor_loss      | -152     |
|    critic_loss     | 1.29     |
|    ent_coef        | 0.0325   |
|    ent_coef_loss   | 0.268    |
|    learning_rate   | 0.0003   |
|    n_updates       | 379899   |
---------------------------------
---------------------------------
| rollout/           |          |
|    ep_len_mean     | 1e+03    |
|    ep_rew_mean     | 1.9e+03  |
| time/              |          |
|    episodes        | 384      |
|    fps             | 85       |
|    time_elapsed    | 4492     |
|    total timesteps | 384000   |
| train/             |          |
|    actor_loss      | -154     |
|    critic_loss     | 1.07     |
|    ent_coef        | 0.0313   |
|    ent_coef_loss   | -0.568   |
|    learning_rate   | 0.0003   |
|    n_updates       | 383899   |
---------------------------------
---------------------------------
| rollout/           |          |
|    ep_len_mean     | 1e+03    |
|    ep_rew_mean     | 1.91e+03 |
| time/              |          |
|    episodes        | 388      |
|    fps             | 85       |
|    time_elapsed    | 4539     |
|    total timesteps | 388000   |
| train/             |          |
|    actor_loss      | -150     |
|    critic_loss     | 1.64     |
|    ent_coef        | 0.0312   |
|    ent_coef_loss   | -0.268   |
|    learning_rate   | 0.0003   |
|    n_updates       | 387899   |
---------------------------------
---------------------------------
| rollout/           |          |
|    ep_len_mean     | 1e+03    |
|    ep_rew_mean     | 1.91e+03 |
| time/              |          |
|    episodes        | 392      |
|    fps             | 85       |
|    time_elapsed    | 4586     |
|    total timesteps | 392000   |
| train/             |          |
|    actor_loss      | -153     |
|    critic_loss     | 1.52     |
|    ent_coef        | 0.0322   |
|    ent_coef_loss   | -0.672   |
|    learning_rate   | 0.0003   |
|    n_updates       | 391899   |
---------------------------------
---------------------------------
| rollout/           |          |
|    ep_len_mean     | 1e+03    |
|    ep_rew_mean     | 1.92e+03 |
| time/              |          |
|    episodes        | 396      |
|    fps             | 85       |
|    time_elapsed    | 4632     |
|    total timesteps | 396000   |
| train/             |          |
|    actor_loss      | -153     |
|    critic_loss     | 2.46     |
|    ent_coef        | 0.0317   |
|    ent_coef_loss   | 0.0197   |
|    learning_rate   | 0.0003   |
|    n_updates       | 395899   |
---------------------------------
---------------------------------
| rollout/           |          |
|    ep_len_mean     | 1e+03    |
|    ep_rew_mean     | 1.93e+03 |
| time/              |          |
|    episodes        | 400      |
|    fps             | 85       |
|    time_elapsed    | 4679     |
|    total timesteps | 400000   |
| train/             |          |
|    actor_loss      | -155     |
|    critic_loss     | 1.47     |
|    ent_coef        | 0.0313   |
|    ent_coef_loss   | -0.753   |
|    learning_rate   | 0.0003   |
|    n_updates       | 399899   |
---------------------------------
---------------------------------
| rollout/           |          |
|    ep_len_mean     | 1e+03    |
|    ep_rew_mean     | 1.93e+03 |
| time/              |          |
|    episodes        | 404      |
|    fps             | 85       |
|    time_elapsed    | 4726     |
|    total timesteps | 404000   |
| train/             |          |
|    actor_loss      | -153     |
|    critic_loss     | 0.941    |
|    ent_coef        | 0.0317   |
|    ent_coef_loss   | 1.15     |
|    learning_rate   | 0.0003   |
|    n_updates       | 403899   |
---------------------------------
---------------------------------
| rollout/           |          |
|    ep_len_mean     | 1e+03    |
|    ep_rew_mean     | 1.94e+03 |
| time/              |          |
|    episodes        | 408      |
|    fps             | 85       |
|    time_elapsed    | 4773     |
|    total timesteps | 408000   |
| train/             |          |
|    actor_loss      | -154     |
|    critic_loss     | 1.11     |
|    ent_coef        | 0.031    |
|    ent_coef_loss   | -1.02    |
|    learning_rate   | 0.0003   |
|    n_updates       | 407899   |
---------------------------------
---------------------------------
| rollout/           |          |
|    ep_len_mean     | 1e+03    |
|    ep_rew_mean     | 1.94e+03 |
| time/              |          |
|    episodes        | 412      |
|    fps             | 85       |
|    time_elapsed    | 4819     |
|    total timesteps | 412000   |
| train/             |          |
|    actor_loss      | -157     |
|    critic_loss     | 1.32     |
|    ent_coef        | 0.0315   |
|    ent_coef_loss   | -0.217   |
|    learning_rate   | 0.0003   |
|    n_updates       | 411899   |
---------------------------------
---------------------------------
| rollout/           |          |
|    ep_len_mean     | 1e+03    |
|    ep_rew_mean     | 1.95e+03 |
| time/              |          |
|    episodes        | 416      |
|    fps             | 85       |
|    time_elapsed    | 4866     |
|    total timesteps | 416000   |
| train/             |          |
|    actor_loss      | -155     |
|    critic_loss     | 1.41     |
|    ent_coef        | 0.0311   |
|    ent_coef_loss   | 0.988    |
|    learning_rate   | 0.0003   |
|    n_updates       | 415899   |
---------------------------------
---------------------------------
| rollout/           |          |
|    ep_len_mean     | 1e+03    |
|    ep_rew_mean     | 1.95e+03 |
| time/              |          |
|    episodes        | 420      |
|    fps             | 85       |
|    time_elapsed    | 4913     |
|    total timesteps | 420000   |
| train/             |          |
|    actor_loss      | -155     |
|    critic_loss     | 1.33     |
|    ent_coef        | 0.0319   |
|    ent_coef_loss   | 1.3      |
|    learning_rate   | 0.0003   |
|    n_updates       | 419899   |
---------------------------------
---------------------------------
| rollout/           |          |
|    ep_len_mean     | 1e+03    |
|    ep_rew_mean     | 1.96e+03 |
| time/              |          |
|    episodes        | 424      |
|    fps             | 85       |
|    time_elapsed    | 4960     |
|    total timesteps | 424000   |
| train/             |          |
|    actor_loss      | -157     |
|    critic_loss     | 1.52     |
|    ent_coef        | 0.0316   |
|    ent_coef_loss   | 1.08     |
|    learning_rate   | 0.0003   |
|    n_updates       | 423899   |
---------------------------------
---------------------------------
| rollout/           |          |
|    ep_len_mean     | 1e+03    |
|    ep_rew_mean     | 1.96e+03 |
| time/              |          |
|    episodes        | 428      |
|    fps             | 85       |
|    time_elapsed    | 5007     |
|    total timesteps | 428000   |
| train/             |          |
|    actor_loss      | -156     |
|    critic_loss     | 1.63     |
|    ent_coef        | 0.0311   |
|    ent_coef_loss   | 1.12     |
|    learning_rate   | 0.0003   |
|    n_updates       | 427899   |
---------------------------------
---------------------------------
| rollout/           |          |
|    ep_len_mean     | 1e+03    |
|    ep_rew_mean     | 1.97e+03 |
| time/              |          |
|    episodes        | 432      |
|    fps             | 85       |
|    time_elapsed    | 5054     |
|    total timesteps | 432000   |
| train/             |          |
|    actor_loss      | -158     |
|    critic_loss     | 1.01     |
|    ent_coef        | 0.0321   |
|    ent_coef_loss   | 0.626    |
|    learning_rate   | 0.0003   |
|    n_updates       | 431899   |
---------------------------------
---------------------------------
| rollout/           |          |
|    ep_len_mean     | 1e+03    |
|    ep_rew_mean     | 1.97e+03 |
| time/              |          |
|    episodes        | 436      |
|    fps             | 85       |
|    time_elapsed    | 5101     |
|    total timesteps | 436000   |
| train/             |          |
|    actor_loss      | -160     |
|    critic_loss     | 1.26     |
|    ent_coef        | 0.0318   |
|    ent_coef_loss   | -1.19    |
|    learning_rate   | 0.0003   |
|    n_updates       | 435899   |
---------------------------------
---------------------------------
| rollout/           |          |
|    ep_len_mean     | 1e+03    |
|    ep_rew_mean     | 1.97e+03 |
| time/              |          |
|    episodes        | 440      |
|    fps             | 85       |
|    time_elapsed    | 5148     |
|    total timesteps | 440000   |
| train/             |          |
|    actor_loss      | -161     |
|    critic_loss     | 0.919    |
|    ent_coef        | 0.0305   |
|    ent_coef_loss   | 0.446    |
|    learning_rate   | 0.0003   |
|    n_updates       | 439899   |
---------------------------------
---------------------------------
| rollout/           |          |
|    ep_len_mean     | 1e+03    |
|    ep_rew_mean     | 1.97e+03 |
| time/              |          |
|    episodes        | 444      |
|    fps             | 85       |
|    time_elapsed    | 5194     |
|    total timesteps | 444000   |
| train/             |          |
|    actor_loss      | -161     |
|    critic_loss     | 1.11     |
|    ent_coef        | 0.0303   |
|    ent_coef_loss   | -1.45    |
|    learning_rate   | 0.0003   |
|    n_updates       | 443899   |
---------------------------------
---------------------------------
| rollout/           |          |
|    ep_len_mean     | 1e+03    |
|    ep_rew_mean     | 1.97e+03 |
| time/              |          |
|    episodes        | 448      |
|    fps             | 85       |
|    time_elapsed    | 5241     |
|    total timesteps | 448000   |
| train/             |          |
|    actor_loss      | -160     |
|    critic_loss     | 1.18     |
|    ent_coef        | 0.0315   |
|    ent_coef_loss   | 0.373    |
|    learning_rate   | 0.0003   |
|    n_updates       | 447899   |
---------------------------------
---------------------------------
| rollout/           |          |
|    ep_len_mean     | 1e+03    |
|    ep_rew_mean     | 1.98e+03 |
| time/              |          |
|    episodes        | 452      |
|    fps             | 85       |
|    time_elapsed    | 5288     |
|    total timesteps | 452000   |
| train/             |          |
|    actor_loss      | -162     |
|    critic_loss     | 1.09     |
|    ent_coef        | 0.0315   |
|    ent_coef_loss   | -0.752   |
|    learning_rate   | 0.0003   |
|    n_updates       | 451899   |
---------------------------------
---------------------------------
| rollout/           |          |
|    ep_len_mean     | 1e+03    |
|    ep_rew_mean     | 1.98e+03 |
| time/              |          |
|    episodes        | 456      |
|    fps             | 85       |
|    time_elapsed    | 5335     |
|    total timesteps | 456000   |
| train/             |          |
|    actor_loss      | -159     |
|    critic_loss     | 1.18     |
|    ent_coef        | 0.0302   |
|    ent_coef_loss   | 2.25     |
|    learning_rate   | 0.0003   |
|    n_updates       | 455899   |
---------------------------------
---------------------------------
| rollout/           |          |
|    ep_len_mean     | 1e+03    |
|    ep_rew_mean     | 1.98e+03 |
| time/              |          |
|    episodes        | 460      |
|    fps             | 85       |
|    time_elapsed    | 5382     |
|    total timesteps | 460000   |
| train/             |          |
|    actor_loss      | -161     |
|    critic_loss     | 1.35     |
|    ent_coef        | 0.0309   |
|    ent_coef_loss   | -0.902   |
|    learning_rate   | 0.0003   |
|    n_updates       | 459899   |
---------------------------------
---------------------------------
| rollout/           |          |
|    ep_len_mean     | 1e+03    |
|    ep_rew_mean     | 1.99e+03 |
| time/              |          |
|    episodes        | 464      |
|    fps             | 85       |
|    time_elapsed    | 5428     |
|    total timesteps | 464000   |
| train/             |          |
|    actor_loss      | -164     |
|    critic_loss     | 1.03     |
|    ent_coef        | 0.0304   |
|    ent_coef_loss   | -1.16    |
|    learning_rate   | 0.0003   |
|    n_updates       | 463899   |
---------------------------------
---------------------------------
| rollout/           |          |
|    ep_len_mean     | 1e+03    |
|    ep_rew_mean     | 1.99e+03 |
| time/              |          |
|    episodes        | 468      |
|    fps             | 85       |
|    time_elapsed    | 5475     |
|    total timesteps | 468000   |
| train/             |          |
|    actor_loss      | -161     |
|    critic_loss     | 1.21     |
|    ent_coef        | 0.0306   |
|    ent_coef_loss   | 0.834    |
|    learning_rate   | 0.0003   |
|    n_updates       | 467899   |
---------------------------------
---------------------------------
| rollout/           |          |
|    ep_len_mean     | 1e+03    |
|    ep_rew_mean     | 1.99e+03 |
| time/              |          |
|    episodes        | 472      |
|    fps             | 85       |
|    time_elapsed    | 5522     |
|    total timesteps | 472000   |
| train/             |          |
|    actor_loss      | -163     |
|    critic_loss     | 1.55     |
|    ent_coef        | 0.0309   |
|    ent_coef_loss   | 0.533    |
|    learning_rate   | 0.0003   |
|    n_updates       | 471899   |
---------------------------------
---------------------------------
| rollout/           |          |
|    ep_len_mean     | 1e+03    |
|    ep_rew_mean     | 1.99e+03 |
| time/              |          |
|    episodes        | 476      |
|    fps             | 85       |
|    time_elapsed    | 5570     |
|    total timesteps | 476000   |
| train/             |          |
|    actor_loss      | -160     |
|    critic_loss     | 2.16     |
|    ent_coef        | 0.0304   |
|    ent_coef_loss   | -0.844   |
|    learning_rate   | 0.0003   |
|    n_updates       | 475899   |
---------------------------------
---------------------------------
| rollout/           |          |
|    ep_len_mean     | 1e+03    |
|    ep_rew_mean     | 1.99e+03 |
| time/              |          |
|    episodes        | 480      |
|    fps             | 85       |
|    time_elapsed    | 5616     |
|    total timesteps | 480000   |
| train/             |          |
|    actor_loss      | -163     |
|    critic_loss     | 1.05     |
|    ent_coef        | 0.0297   |
|    ent_coef_loss   | -0.435   |
|    learning_rate   | 0.0003   |
|    n_updates       | 479899   |
---------------------------------
---------------------------------
| rollout/           |          |
|    ep_len_mean     | 1e+03    |
|    ep_rew_mean     | 2e+03    |
| time/              |          |
|    episodes        | 484      |
|    fps             | 85       |
|    time_elapsed    | 5663     |
|    total timesteps | 484000   |
| train/             |          |
|    actor_loss      | -164     |
|    critic_loss     | 2.6      |
|    ent_coef        | 0.03     |
|    ent_coef_loss   | -0.281   |
|    learning_rate   | 0.0003   |
|    n_updates       | 483899   |
---------------------------------
---------------------------------
| rollout/           |          |
|    ep_len_mean     | 1e+03    |
|    ep_rew_mean     | 2e+03    |
| time/              |          |
|    episodes        | 488      |
|    fps             | 85       |
|    time_elapsed    | 5710     |
|    total timesteps | 488000   |
| train/             |          |
|    actor_loss      | -165     |
|    critic_loss     | 1.08     |
|    ent_coef        | 0.0303   |
|    ent_coef_loss   | -0.436   |
|    learning_rate   | 0.0003   |
|    n_updates       | 487899   |
---------------------------------
---------------------------------
| rollout/           |          |
|    ep_len_mean     | 1e+03    |
|    ep_rew_mean     | 2e+03    |
| time/              |          |
|    episodes        | 492      |
|    fps             | 85       |
|    time_elapsed    | 5757     |
|    total timesteps | 492000   |
| train/             |          |
|    actor_loss      | -162     |
|    critic_loss     | 1.33     |
|    ent_coef        | 0.0302   |
|    ent_coef_loss   | 0.617    |
|    learning_rate   | 0.0003   |
|    n_updates       | 491899   |
---------------------------------
---------------------------------
| rollout/           |          |
|    ep_len_mean     | 1e+03    |
|    ep_rew_mean     | 2.01e+03 |
| time/              |          |
|    episodes        | 496      |
|    fps             | 85       |
|    time_elapsed    | 5804     |
|    total timesteps | 496000   |
| train/             |          |
|    actor_loss      | -167     |
|    critic_loss     | 1.1      |
|    ent_coef        | 0.0299   |
|    ent_coef_loss   | 0.649    |
|    learning_rate   | 0.0003   |
|    n_updates       | 495899   |
---------------------------------
---------------------------------
| rollout/           |          |
|    ep_len_mean     | 1e+03    |
|    ep_rew_mean     | 2.01e+03 |
| time/              |          |
|    episodes        | 500      |
|    fps             | 85       |
|    time_elapsed    | 5851     |
|    total timesteps | 500000   |
| train/             |          |
|    actor_loss      | -164     |
|    critic_loss     | 1.11     |
|    ent_coef        | 0.0294   |
|    ent_coef_loss   | -0.149   |
|    learning_rate   | 0.0003   |
|    n_updates       | 499899   |
---------------------------------
---------------------------------
| rollout/           |          |
|    ep_len_mean     | 1e+03    |
|    ep_rew_mean     | 2.01e+03 |
| time/              |          |
|    episodes        | 504      |
|    fps             | 85       |
|    time_elapsed    | 5897     |
|    total timesteps | 504000   |
| train/             |          |
|    actor_loss      | -166     |
|    critic_loss     | 1.48     |
|    ent_coef        | 0.03     |
|    ent_coef_loss   | -1.01    |
|    learning_rate   | 0.0003   |
|    n_updates       | 503899   |
---------------------------------
---------------------------------
| rollout/           |          |
|    ep_len_mean     | 1e+03    |
|    ep_rew_mean     | 2.01e+03 |
| time/              |          |
|    episodes        | 508      |
|    fps             | 85       |
|    time_elapsed    | 5944     |
|    total timesteps | 508000   |
| train/             |          |
|    actor_loss      | -167     |
|    critic_loss     | 1.06     |
|    ent_coef        | 0.0299   |
|    ent_coef_loss   | 1.07     |
|    learning_rate   | 0.0003   |
|    n_updates       | 507899   |
---------------------------------
---------------------------------
| rollout/           |          |
|    ep_len_mean     | 1e+03    |
|    ep_rew_mean     | 2.02e+03 |
| time/              |          |
|    episodes        | 512      |
|    fps             | 85       |
|    time_elapsed    | 5991     |
|    total timesteps | 512000   |
| train/             |          |
|    actor_loss      | -164     |
|    critic_loss     | 1.53     |
|    ent_coef        | 0.0295   |
|    ent_coef_loss   | -1.25    |
|    learning_rate   | 0.0003   |
|    n_updates       | 511899   |
---------------------------------
---------------------------------
| rollout/           |          |
|    ep_len_mean     | 1e+03    |
|    ep_rew_mean     | 2.02e+03 |
| time/              |          |
|    episodes        | 516      |
|    fps             | 85       |
|    time_elapsed    | 6037     |
|    total timesteps | 516000   |
| train/             |          |
|    actor_loss      | -167     |
|    critic_loss     | 1.03     |
|    ent_coef        | 0.0285   |
|    ent_coef_loss   | 1.28     |
|    learning_rate   | 0.0003   |
|    n_updates       | 515899   |
---------------------------------
---------------------------------
| rollout/           |          |
|    ep_len_mean     | 1e+03    |
|    ep_rew_mean     | 2.02e+03 |
| time/              |          |
|    episodes        | 520      |
|    fps             | 85       |
|    time_elapsed    | 6083     |
|    total timesteps | 520000   |
| train/             |          |
|    actor_loss      | -168     |
|    critic_loss     | 1.4      |
|    ent_coef        | 0.029    |
|    ent_coef_loss   | -0.269   |
|    learning_rate   | 0.0003   |
|    n_updates       | 519899   |
---------------------------------
---------------------------------
| rollout/           |          |
|    ep_len_mean     | 1e+03    |
|    ep_rew_mean     | 2.02e+03 |
| time/              |          |
|    episodes        | 524      |
|    fps             | 85       |
|    time_elapsed    | 6130     |
|    total timesteps | 524000   |
| train/             |          |
|    actor_loss      | -169     |
|    critic_loss     | 1.26     |
|    ent_coef        | 0.0291   |
|    ent_coef_loss   | -0.924   |
|    learning_rate   | 0.0003   |
|    n_updates       | 523899   |
---------------------------------
---------------------------------
| rollout/           |          |
|    ep_len_mean     | 1e+03    |
|    ep_rew_mean     | 2.03e+03 |
| time/              |          |
|    episodes        | 528      |
|    fps             | 85       |
|    time_elapsed    | 6177     |
|    total timesteps | 528000   |
| train/             |          |
|    actor_loss      | -170     |
|    critic_loss     | 1.26     |
|    ent_coef        | 0.0295   |
|    ent_coef_loss   | -2.07    |
|    learning_rate   | 0.0003   |
|    n_updates       | 527899   |
---------------------------------
---------------------------------
| rollout/           |          |
|    ep_len_mean     | 1e+03    |
|    ep_rew_mean     | 2.03e+03 |
| time/              |          |
|    episodes        | 532      |
|    fps             | 85       |
|    time_elapsed    | 6224     |
|    total timesteps | 532000   |
| train/             |          |
|    actor_loss      | -166     |
|    critic_loss     | 1.17     |
|    ent_coef        | 0.0285   |
|    ent_coef_loss   | -0.416   |
|    learning_rate   | 0.0003   |
|    n_updates       | 531899   |
---------------------------------
---------------------------------
| rollout/           |          |
|    ep_len_mean     | 1e+03    |
|    ep_rew_mean     | 2.04e+03 |
| time/              |          |
|    episodes        | 536      |
|    fps             | 85       |
|    time_elapsed    | 6271     |
|    total timesteps | 536000   |
| train/             |          |
|    actor_loss      | -168     |
|    critic_loss     | 0.934    |
|    ent_coef        | 0.0291   |
|    ent_coef_loss   | 0.546    |
|    learning_rate   | 0.0003   |
|    n_updates       | 535899   |
---------------------------------
---------------------------------
| rollout/           |          |
|    ep_len_mean     | 1e+03    |
|    ep_rew_mean     | 2.04e+03 |
| time/              |          |
|    episodes        | 540      |
|    fps             | 85       |
|    time_elapsed    | 6317     |
|    total timesteps | 540000   |
| train/             |          |
|    actor_loss      | -171     |
|    critic_loss     | 1.14     |
|    ent_coef        | 0.0294   |
|    ent_coef_loss   | -0.556   |
|    learning_rate   | 0.0003   |
|    n_updates       | 539899   |
---------------------------------
---------------------------------
| rollout/           |          |
|    ep_len_mean     | 1e+03    |
|    ep_rew_mean     | 2.04e+03 |
| time/              |          |
|    episodes        | 544      |
|    fps             | 85       |
|    time_elapsed    | 6364     |
|    total timesteps | 544000   |
| train/             |          |
|    actor_loss      | -168     |
|    critic_loss     | 1.84     |
|    ent_coef        | 0.029    |
|    ent_coef_loss   | -0.722   |
|    learning_rate   | 0.0003   |
|    n_updates       | 543899   |
---------------------------------
---------------------------------
| rollout/           |          |
|    ep_len_mean     | 1e+03    |
|    ep_rew_mean     | 2.05e+03 |
| time/              |          |
|    episodes        | 548      |
|    fps             | 85       |
|    time_elapsed    | 6411     |
|    total timesteps | 548000   |
| train/             |          |
|    actor_loss      | -169     |
|    critic_loss     | 1.67     |
|    ent_coef        | 0.0288   |
|    ent_coef_loss   | -1.67    |
|    learning_rate   | 0.0003   |
|    n_updates       | 547899   |
---------------------------------
---------------------------------
| rollout/           |          |
|    ep_len_mean     | 1e+03    |
|    ep_rew_mean     | 2.05e+03 |
| time/              |          |
|    episodes        | 552      |
|    fps             | 85       |
|    time_elapsed    | 6457     |
|    total timesteps | 552000   |
| train/             |          |
|    actor_loss      | -171     |
|    critic_loss     | 1.37     |
|    ent_coef        | 0.0295   |
|    ent_coef_loss   | 0.518    |
|    learning_rate   | 0.0003   |
|    n_updates       | 551899   |
---------------------------------
---------------------------------
| rollout/           |          |
|    ep_len_mean     | 1e+03    |
|    ep_rew_mean     | 2.06e+03 |
| time/              |          |
|    episodes        | 556      |
|    fps             | 85       |
|    time_elapsed    | 6504     |
|    total timesteps | 556000   |
| train/             |          |
|    actor_loss      | -171     |
|    critic_loss     | 1.99     |
|    ent_coef        | 0.0285   |
|    ent_coef_loss   | -1.18    |
|    learning_rate   | 0.0003   |
|    n_updates       | 555899   |
---------------------------------
---------------------------------
| rollout/           |          |
|    ep_len_mean     | 1e+03    |
|    ep_rew_mean     | 2.06e+03 |
| time/              |          |
|    episodes        | 560      |
|    fps             | 85       |
|    time_elapsed    | 6551     |
|    total timesteps | 560000   |
| train/             |          |
|    actor_loss      | -170     |
|    critic_loss     | 1.54     |
|    ent_coef        | 0.0288   |
|    ent_coef_loss   | -0.011   |
|    learning_rate   | 0.0003   |
|    n_updates       | 559899   |
---------------------------------
---------------------------------
| rollout/           |          |
|    ep_len_mean     | 1e+03    |
|    ep_rew_mean     | 2.06e+03 |
| time/              |          |
|    episodes        | 564      |
|    fps             | 85       |
|    time_elapsed    | 6598     |
|    total timesteps | 564000   |
| train/             |          |
|    actor_loss      | -172     |
|    critic_loss     | 1.2      |
|    ent_coef        | 0.0294   |
|    ent_coef_loss   | -0.223   |
|    learning_rate   | 0.0003   |
|    n_updates       | 563899   |
---------------------------------
