

-------------------------------------------------------

 Environment: ReacherBulletEnv-v0

-------------------------------------------------------




-----------------------------------------------------------------------------------------------------
 Agent Model Exists, loading: ./subrepos/rl-trained-agents/sac/ReacherBulletEnv-v0_1/ReacherBulletEnv-v0.zip
-----------------------------------------------------------------------------------------------------


pybullet build time: Oct 11 2021 20:52:37
Wrapping the env with a `Monitor` wrapper
Wrapping the env in a DummyVecEnv.


-----------------------------------------------------------------------------------------------------
 Coach Model Exists, loading: models.ignore/coach/ReacherBulletEnv-v0/baseline_3
-----------------------------------------------------------------------------------------------------


coach settings = {
    "force_retrain": False, 
    "learning_rate": 0.0001, 
    "hidden_sizes": [64, 64, 64, 64, ], 
    "loss_function": "state_prediction_loss", 
    "consistent_coach_loss": {"scale_future_state_loss": 1000000, }, 
    "delayed_coach_loss": {"epochs_of_delay": 50, }, 
    "value_plus_state_loss": {"value_proportion": 0.5, }, 
    "number_of_episodes": 100, 
    "number_of_epochs": 100, 
    "train_test_split": 0.7, 
    "batch_size": 128, 
    "with_card": True, 
}


-----------------------------------------------------------------------------------------------------
 Testing Agent+Coach
-----------------------------------------------------------------------------------------------------


    test settings = {
        "override_save_path": False, 
        "increment_factor": 1.2, 
        "force_recompute": False, 
        "graph_smoothing": 0, 
        "number_of_episodes_for_baseline": 30, 
        "number_of_epochs_for_optimal_parameters": 50, 
        "number_of_episodes_for_testing": 500, 
        "initial_epsilon": 3.5, 
        "initial_horizon": 10, 
        "reward_discount": 0.98, 
        "acceptable_performance_levels": [0.5, 0.8, 0.9, 0.95, 0.97, 0.99, 1.0, ], 
        "acceptable_performance_loss": 1, 
        "acceptable_performance_level": 0.8, 
        "confidence_interval_for_convergence": 90, 
        "min_sample_size": 30, 
        "min_reward_single_timestep": 0, 
        "max_reward_single_timestep": 100, 
        "horizon_ceiling": 20, 
        "horizon_floor": 4, 
    }
tuned_comparisons
    time is: 1652291569.497347
    running optimal method
        optimal_stats = {
            "max": 28.414311740268797, 
            "min": 4.444178160005469, 
            "range": 23.97013358026333, 
            "count": 30, 
            "sum": 442.45521224455257, 
            "average": 14.748507074818418, 
            "stdev": 7.002800618068106, 
            "median": 15.960619446216977, 
        }
    running random method
    # 
    # acceptable_performance_level = 0.5
    # 
        running ppac method
            minimum_performance = 7.374253537409209
argv[0]=
argv[0]=
                epsilon:   0.1475, forecast_average:   2.0857, raw_reward:     11.57,                 episode_index=0, discounted_reward_sum= 10.7991, horizon=10
                epsilon:   0.1475, forecast_average:   2.2736, raw_reward:     34.94,                 episode_index=1, discounted_reward_sum= 28.6504, horizon=7
                epsilon:   0.1475, forecast_average:   2.3468, raw_reward:     18.89,                 episode_index=2, discounted_reward_sum= 17.3744, horizon=6
                epsilon:   0.1475, forecast_average:   2.2097, raw_reward:     26.07,                 episode_index=3, discounted_reward_sum= 20.1941, horizon=6
                epsilon:   0.1475, forecast_average:   2.3899, raw_reward:      2.12,                 episode_index=4, discounted_reward_sum=  2.7131, horizon=5
                epsilon:   0.1475, forecast_average:   2.4800, raw_reward:     12.55,                 episode_index=5, discounted_reward_sum=  9.9689, horizon=5
                epsilon:   0.1475, forecast_average:   2.4282, raw_reward:     14.03,                 episode_index=6, discounted_reward_sum=  9.8387, horizon=5
                epsilon:   0.1475, forecast_average:   2.4273, raw_reward:     36.83,                 episode_index=7, discounted_reward_sum= 26.7492, horizon=5
                epsilon:   0.1475, forecast_average:   2.2771, raw_reward:      7.09,                 episode_index=8, discounted_reward_sum=  5.1729, horizon=5
                epsilon:   0.1475, forecast_average:   2.2446, raw_reward:     28.40,                 episode_index=9, discounted_reward_sum= 19.6226, horizon=4
                epsilon:   0.1475, forecast_average:   2.1881, raw_reward:      9.02,                 episode_index=10, discounted_reward_sum=  7.1082, horizon=4
                epsilon:   0.1475, forecast_average:   2.1456, raw_reward:      8.07,                 episode_index=11, discounted_reward_sum=  7.6368, horizon=4
                epsilon:   0.1475, forecast_average:   2.1502, raw_reward:     15.69,                 episode_index=12, discounted_reward_sum= 13.0667, horizon=4
                epsilon:   0.1475, forecast_average:   2.1498, raw_reward:     20.90,                 episode_index=13, discounted_reward_sum= 12.7821, horizon=4
                epsilon:   0.1475, forecast_average:   2.0937, raw_reward:     17.78,                 episode_index=14, discounted_reward_sum= 18.7868, horizon=4
                epsilon:   0.1475, forecast_average:   2.1174, raw_reward:     -0.13,                 episode_index=15, discounted_reward_sum=  1.3945, horizon=4
                epsilon:   0.1475, forecast_average:   2.1266, raw_reward:      8.67,                 episode_index=16, discounted_reward_sum=  8.2253, horizon=4
                epsilon:   0.1475, forecast_average:   2.1245, raw_reward:     25.08,                 episode_index=17, discounted_reward_sum= 18.3577, horizon=4
                epsilon:   0.1475, forecast_average:   2.1179, raw_reward:     29.81,                 episode_index=18, discounted_reward_sum= 21.9192, horizon=4
                epsilon:   0.1475, forecast_average:   2.0524, raw_reward:      0.57,                 episode_index=19, discounted_reward_sum=  3.0802, horizon=4
                epsilon:   0.1475, forecast_average:   2.0614, raw_reward:     16.76,                 episode_index=20, discounted_reward_sum= 13.1382, horizon=4
                epsilon:   0.1475, forecast_average:   2.0629, raw_reward:     12.62,                 episode_index=21, discounted_reward_sum=  9.7222, horizon=4
                epsilon:   0.1475, forecast_average:   2.0670, raw_reward:     22.86,                 episode_index=22, discounted_reward_sum= 16.4052, horizon=4
                epsilon:   0.1475, forecast_average:   2.0457, raw_reward:     12.08,                 episode_index=23, discounted_reward_sum=  9.2771, horizon=4
                epsilon:   0.1475, forecast_average:   2.0524, raw_reward:     12.56,                 episode_index=24, discounted_reward_sum= 11.0187, horizon=4
                epsilon:   0.1475, forecast_average:   2.0411, raw_reward:     24.43,                 episode_index=25, discounted_reward_sum= 18.9917, horizon=4
                epsilon:   0.1475, forecast_average:   2.0475, raw_reward:     18.81,                 episode_index=26, discounted_reward_sum= 14.0604, horizon=4
                epsilon:   0.1475, forecast_average:   2.0563, raw_reward:     30.03,                 episode_index=27, discounted_reward_sum= 24.0255, horizon=4
                epsilon:   0.1475, forecast_average:   2.0572, raw_reward:     20.20,                 episode_index=28, discounted_reward_sum= 17.2318, horizon=4
                epsilon:   0.1475, forecast_average:   2.0701, raw_reward:     14.71,                 episode_index=29, discounted_reward_sum= 11.6236, horizon=4
                    will_increase_epsilon=True, will_decrease_epsilon=False, big_upper=15.7924, little_upper=13.7924, upper=13.4699, minimum_performance=7.3743, lower=11.4699
                epsilon:   0.4425, forecast_average:   2.0793, raw_reward:     -2.92,                 episode_index=30, discounted_reward_sum=  1.1771, horizon=4
                epsilon:   0.4425, forecast_average:   2.0989, raw_reward:     33.55,                 episode_index=31, discounted_reward_sum= 13.2438, horizon=4
                epsilon:   0.4425, forecast_average:   2.0984, raw_reward:     22.55,                 episode_index=32, discounted_reward_sum= 20.1144, horizon=4
                epsilon:   0.4425, forecast_average:   2.1179, raw_reward:      6.70,                 episode_index=33, discounted_reward_sum=  5.3865, horizon=4
                epsilon:   0.4425, forecast_average:   2.1368, raw_reward:      7.46,                 episode_index=34, discounted_reward_sum=  6.7121, horizon=4
                epsilon:   0.4425, forecast_average:   2.1515, raw_reward:      3.68,                 episode_index=35, discounted_reward_sum=  2.7051, horizon=4
                epsilon:   0.4425, forecast_average:   2.1594, raw_reward:      7.09,                 episode_index=36, discounted_reward_sum=  4.0856, horizon=4
                epsilon:   0.4425, forecast_average:   2.1489, raw_reward:     12.95,                 episode_index=37, discounted_reward_sum= 16.7628, horizon=4
                epsilon:   0.4425, forecast_average:   2.1623, raw_reward:     20.75,                 episode_index=38, discounted_reward_sum= 15.0198, horizon=4
                epsilon:   0.4425, forecast_average:   2.1636, raw_reward:      7.38,                 episode_index=39, discounted_reward_sum=  5.0706, horizon=4
                epsilon:   0.4425, forecast_average:   2.1696, raw_reward:     -1.30,                 episode_index=40, discounted_reward_sum=  0.6999, horizon=4
                epsilon:   0.4425, forecast_average:   2.1776, raw_reward:     13.70,                 episode_index=41, discounted_reward_sum= 10.2848, horizon=4
                epsilon:   0.4425, forecast_average:   2.1834, raw_reward:     16.55,                 episode_index=42, discounted_reward_sum= 13.4629, horizon=4
                epsilon:   0.4425, forecast_average:   2.1899, raw_reward:     17.21,                 episode_index=43, discounted_reward_sum=  7.8328, horizon=4
                epsilon:   0.4425, forecast_average:   2.1993, raw_reward:     31.17,                 episode_index=44, discounted_reward_sum= 23.4034, horizon=4
                epsilon:   0.4425, forecast_average:   2.2062, raw_reward:     28.96,                 episode_index=45, discounted_reward_sum= 23.3461, horizon=4
                epsilon:   0.4425, forecast_average:   2.2099, raw_reward:      6.54,                 episode_index=46, discounted_reward_sum=  4.3124, horizon=4
                epsilon:   0.4425, forecast_average:   2.2078, raw_reward:      6.90,                 episode_index=47, discounted_reward_sum=  4.2962, horizon=4
                epsilon:   0.4425, forecast_average:   2.2213, raw_reward:     15.72,                 episode_index=48, discounted_reward_sum= 10.3232, horizon=4
                epsilon:   0.4425, forecast_average:   2.2217, raw_reward:     17.71,                 episode_index=49, discounted_reward_sum= 15.0982, horizon=4
                epsilon:   0.4425, forecast_average:   2.2341, raw_reward:     10.23,                 episode_index=50, discounted_reward_sum=  6.8245, horizon=4
                epsilon:   0.4425, forecast_average:   2.2488, raw_reward:     10.10,                 episode_index=51, discounted_reward_sum=  9.8291, horizon=4
                epsilon:   0.4425, forecast_average:   2.2585, raw_reward:      0.29,                 episode_index=52, discounted_reward_sum=  1.7999, horizon=4
                epsilon:   0.4425, forecast_average:   2.2646, raw_reward:     17.75,                 episode_index=53, discounted_reward_sum= 14.8733, horizon=4
                epsilon:   0.4425, forecast_average:   2.2685, raw_reward:     15.82,                 episode_index=54, discounted_reward_sum= 15.6436, horizon=4
                epsilon:   0.4425, forecast_average:   2.2770, raw_reward:     13.63,                 episode_index=55, discounted_reward_sum= 10.2000, horizon=4
                epsilon:   0.4425, forecast_average:   2.2739, raw_reward:     11.42,                 episode_index=56, discounted_reward_sum=  8.2394, horizon=4
                epsilon:   0.4425, forecast_average:   2.2795, raw_reward:     -5.80,                 episode_index=57, discounted_reward_sum=  1.0558, horizon=4
                epsilon:   0.4425, forecast_average:   2.2901, raw_reward:      2.24,                 episode_index=58, discounted_reward_sum=  1.3572, horizon=4
                epsilon:   0.4425, forecast_average:   2.2795, raw_reward:     -0.51,                 episode_index=59, discounted_reward_sum= -3.6976, horizon=4
                    will_increase_epsilon=False, will_decrease_epsilon=False, big_upper=11.1418, little_upper=9.1432, upper=8.8210, minimum_performance=7.3743, lower=6.8224
                epsilon:   0.4425, forecast_average:   2.2784, raw_reward:     34.08,                 episode_index=60, discounted_reward_sum= 21.1752, horizon=4
                    will_increase_epsilon=False, will_decrease_epsilon=False, big_upper=11.5662, little_upper=9.5390, upper=9.2119, minimum_performance=7.3743, lower=7.1847
                epsilon:   0.4425, forecast_average:   2.2834, raw_reward:     19.11,                 episode_index=61, discounted_reward_sum= 12.9201, horizon=4
                    will_increase_epsilon=False, will_decrease_epsilon=False, big_upper=11.6135, little_upper=9.6452, upper=9.3272, minimum_performance=7.3743, lower=7.3589
                epsilon:   0.4425, forecast_average:   2.2867, raw_reward:     15.78,                 episode_index=62, discounted_reward_sum=  5.6856, horizon=4
                    will_increase_epsilon=False, will_decrease_epsilon=False, big_upper=11.4401, little_upper=9.5257, upper=9.2163, minimum_performance=7.3743, lower=7.3020
                epsilon:   0.4425, forecast_average:   2.2930, raw_reward:     10.67,                 episode_index=63, discounted_reward_sum=  9.8892, horizon=4
                    will_increase_epsilon=True, will_decrease_epsilon=False, big_upper=11.3919, little_upper=9.5363, upper=9.2362, minimum_performance=7.3743, lower=7.3806
