

-------------------------------------------------------

 Environment: HalfCheetahBulletEnv-v0

-------------------------------------------------------




-----------------------------------------------------------------------------------------------------
 Agent Model Exists, loading: subrepos/rl-trained-agents/sac/HalfCheetahBulletEnv-v0_1/HalfCheetahBulletEnv-v0.zip
-----------------------------------------------------------------------------------------------------


pybullet build time: Oct 11 2021 20:52:37
Wrapping the env with a `Monitor` wrapper
Wrapping the env in a DummyVecEnv.


-----------------------------------------------------------------------------------------------------
 Training Coach Model from scrach
-----------------------------------------------------------------------------------------------------


coach settings = {
    "force_retrain": False, 
    "learning_rate": 0.0001, 
    "hidden_sizes": [64, 64, 64, 64, ], 
    "loss_function": "value_prediction_loss", 
    "consistent_coach_loss": {"scale_future_state_loss": 1, }, 
    "delayed_coach_loss": {"epochs_of_delay": 50, }, 
    "value_plus_state_loss": {"value_proportion": 0.5, }, 
    "number_of_episodes": 100, 
    "number_of_epochs": 120, 
    "train_test_split": 0.7, 
    "batch_size": 128, 
    "with_card": True, 
}
Starting Train/Test
    Epoch: 0
    Epoch: 1
    Epoch: 2
    Epoch: 3
    Epoch: 4
    Epoch: 5
    Epoch: 6
    Epoch: 7
    EpocError handling request
Traceback (most recent call last):
  File "/nix/store/zwzwycj4bixml1rs3fc37hlifpcpajd3-python3.8-aiohttp-3.8.1/lib/python3.8/site-packages/aiohttp/web_protocol.py", line 435, in _handle_request
    resp = await request_handler(request)
  File "/nix/store/zwzwycj4bixml1rs3fc37hlifpcpajd3-python3.8-aiohttp-3.8.1/lib/python3.8/site-packages/aiohttp/web_app.py", line 504, in _handle
    resp = await handler(request)
  File "/home/jeffhykin/repos/AFRL/.venv/lib/python3.8/site-packages/silver_spectacle/server.py", line 1674, in new_card
    print('backend: emitted new_card')
BrokenPipeError: [Errno 32] Broken pipe
poch: 54
    Epoch: 55
    Epoch: 56
    Epoch: 57
    Epoch: 58
    Epoch: 59
    Epoch: 60
    Epoch: 61
    Epoch: 62
    Epoch: 63
    Epoch: 64
    Epoch: 65
    Epoch: 66
    Epoch: 67
    Epoch: 68
    Epoch: 69
    Epoch: 70
    Epoch: 71
    Epoch: 72
    Epoch: 73
    Epoch: 74
    Epoch: 75
    Epoch: 76
    Epoch: 77
    Epoch: 78
    Epoch: 79
    Epoch: 80
    Epoch: 81
    Epoch: 82
    Epoch: 83
    Epoch: 84
    Epoch: 85
    Epoch: 86
    Epoch: 87
    Epoch: 88
    Epoch: 89
    Epoch: 90
    Epoch: 91
    Epoch: 92
    Epoch: 93
    Epoch: 94
    Epoch: 95
    Epoch: 96
    Epoch: 97
    Epoch: 98
    Epoch: 99
    Epoch: 100
    Epoch: 101
    Epoch: 102
    Epoch: 103
    Epoch: 104
    Epoch: 105
    Epoch: 106
    Epoch: 107
    Epoch: 108
    Epoch: 109
    Epoch: 110
    Epoch: 111
    Epoch: 112
    Epoch: 113
    Epoch: 114
    Epoch: 115
    Epoch: 116
    Epoch: 117
    Epoch: 118
    Epoch: 119
Saving Coach to: models.ignore/coach/HalfCheetahBulletEnv-v0/q_plus_state_loss_1/


-----------------------------------------------------------------------------------------------------
 Testing Agent+Coach
-----------------------------------------------------------------------------------------------------


test settings = {
    "force_recompute": False, 
    "graph_smoothing": 3, 
    "number_of_episodes_for_baseline": 30, 
    "number_of_epochs_for_optimal_parameters": 15, 
    "number_of_episodes_for_testing": 9, 
    "initial_epsilon": 0.7, 
    "initial_horizon": 42, 
    "reward_discount": 0.98, 
    "acceptable_performance_loss": 2, 
    "confidence_interval_for_convergence": 90, 
    "min_reward_single_timestep": -60, 
    "max_reward_single_timestep": 100, 
    "horizons": {0: 1, 0.001: 11, 0.01: 13, 0.1: 26, }, 
}
/nix/store/a3spwij3rjh41ygskg9g4l4xd6264d8c-python3.8-pytorch-1.9.0/lib/python3.8/site-packages/torch/cuda/__init__.py:52: UserWarning: CUDA initialization: CUDA driver initialization failed, you might not have a CUDA gpu. (Triggered internally at  /build/source/c10/cuda/CUDAFunctions.cpp:115.)
  return torch._C._cuda_getDeviceCount() > 0
/home/jeffhykin/repos/AFRL/.venv/lib/python3.8/site-packages/gym/spaces/box.py:73: UserWarning: [33mWARN: Box bound precision lowered by casting to float32[0m
  logger.warn(
